


ARM Macro Assembler    Page 1 


    1 00000000         ;/******************************************************
                       ************************
    2 00000000         ; * @file     startup_m460.s
    3 00000000         ; * @version  V3.00
    4 00000000         ; * @brief    CMSIS Cortex-M4 Core Device Startup File f
                       or M460
    5 00000000         ; *
    6 00000000         ; * @copyright SPDX-License-Identifier: Apache-2.0
    7 00000000         ; * @copyright (C) 2021 Nuvoton Technology Corp. All rig
                       hts reserved.
    8 00000000         ;*******************************************************
                       **********************/
    9 00000000         ;/*
   10 00000000         ;//-------- <<< Use Configuration Wizard in Context Menu
                        >>> ------------------
   11 00000000         ;*/
   12 00000000         
   13 00000000         
   14 00000000         ; <h> Stack Configuration
   15 00000000         ;   <o> Stack Size (in Bytes) <0x0-0xFFFFFFFF:8>
   16 00000000         ; </h>
   17 00000000         
   18 00000000                 IF               :LNOT: :DEF: Stack_Size
   20                          ENDIF
   21 00000000         
   22 00000000                 AREA             STACK, NOINIT, READWRITE, ALIGN
=3
   23 00000000         Stack_Mem
                               SPACE            Stack_Size
   24 00001000         __initial_sp
   25 00001000         
   26 00001000         
   27 00001000         ; <h> Heap Configuration
   28 00001000         ;   <o>  Heap Size (in Bytes) <0x0-0xFFFFFFFF:8>
   29 00001000         ; </h>
   30 00001000         
   31 00001000                 IF               :LNOT: :DEF: Heap_Size
   33                          ENDIF
   34 00001000         
   35 00001000                 AREA             HEAP, NOINIT, READWRITE, ALIGN=
3
   36 00000000         __heap_base
   37 00000000         Heap_Mem
                               SPACE            Heap_Size
   38 00000100         __heap_limit
   39 00000100         
   40 00000100         
   41 00000100                 PRESERVE8
   42 00000100                 THUMB
   43 00000100         
   44 00000100         
   45 00000100         ; Vector Table Mapped to Address 0 at Reset
   46 00000100         
   47 00000100                 AREA             RESET, DATA, READONLY
   48 00000000                 EXPORT           __Vectors
   49 00000000                 EXPORT           __Vectors_End
   50 00000000                 EXPORT           __Vectors_Size
   51 00000000         
   52 00000000 00000000 



ARM Macro Assembler    Page 2 


                       __Vectors
                               DCD              __initial_sp ; Top of Stack
   53 00000004 00000000        DCD              Reset_Handler ; Reset Handler
   54 00000008 00000000        DCD              NMI_Handler ; NMI Handler
   55 0000000C 00000000        DCD              HardFault_Handler ; Hard Fault 
                                                            Handler
   56 00000010 00000000        DCD              MemManage_Handler 
                                                            ; MPU Fault Handler
                                                            
   57 00000014 00000000        DCD              BusFault_Handler 
                                                            ; Bus Fault Handler
                                                            
   58 00000018 00000000        DCD              UsageFault_Handler ; Usage Faul
                                                            t Handler
   59 0000001C 00000000        DCD              0           ; Reserved
   60 00000020 00000000        DCD              0           ; Reserved
   61 00000024 00000000        DCD              0           ; Reserved
   62 00000028 00000000        DCD              0           ; Reserved
   63 0000002C 00000000        DCD              SVC_Handler ; SVCall Handler
   64 00000030 00000000        DCD              DebugMon_Handler ; Debug Monito
                                                            r Handler
   65 00000034 00000000        DCD              0           ; Reserved
   66 00000038 00000000        DCD              PendSV_Handler ; PendSV Handler
                                                            
   67 0000003C 00000000        DCD              SysTick_Handler 
                                                            ; SysTick Handler
   68 00000040         
   69 00000040         ; External Interrupts
   70 00000040 00000000        DCD              BOD_IRQHandler ; 0: Brown Out d
                                                            etection
   71 00000044 00000000        DCD              IRC_IRQHandler ; 1: Internal RC
                                                            
   72 00000048 00000000        DCD              PWRWU_IRQHandler ; 2: Power dow
                                                            n wake up
   73 0000004C 00000000        DCD              RAMPE_IRQHandler ; 3: RAM parit
                                                            y error
   74 00000050 00000000        DCD              CKFAIL_IRQHandler ; 4: Clock de
                                                            tection fail
   75 00000054 00000000        DCD              ISP_IRQHandler ; 5: ISP
   76 00000058 00000000        DCD              RTC_IRQHandler ; 6: Real Time C
                                                            lock
   77 0000005C 00000000        DCD              TAMPER_IRQHandler ; 7: Tamper d
                                                            etection
   78 00000060 00000000        DCD              WDT_IRQHandler 
                                                            ; 8: Watchdog timer
                                                            
   79 00000064 00000000        DCD              WWDT_IRQHandler ; 9: Window wat
                                                            chdog timer
   80 00000068 00000000        DCD              EINT0_IRQHandler ; 10: External
                                                             Input 0
   81 0000006C 00000000        DCD              EINT1_IRQHandler ; 11: External
                                                             Input 1
   82 00000070 00000000        DCD              EINT2_IRQHandler ; 12: External
                                                             Input 2
   83 00000074 00000000        DCD              EINT3_IRQHandler ; 13: External
                                                             Input 3
   84 00000078 00000000        DCD              EINT4_IRQHandler ; 14: External
                                                             Input 4
   85 0000007C 00000000        DCD              EINT5_IRQHandler ; 15: External



ARM Macro Assembler    Page 3 


                                                             Input 5
   86 00000080 00000000        DCD              GPA_IRQHandler 
                                                            ; 16: GPIO Port A
   87 00000084 00000000        DCD              GPB_IRQHandler 
                                                            ; 17: GPIO Port B
   88 00000088 00000000        DCD              GPC_IRQHandler 
                                                            ; 18: GPIO Port C
   89 0000008C 00000000        DCD              GPD_IRQHandler 
                                                            ; 19: GPIO Port D
   90 00000090 00000000        DCD              GPE_IRQHandler 
                                                            ; 20: GPIO Port E
   91 00000094 00000000        DCD              GPF_IRQHandler 
                                                            ; 21: GPIO Port F
   92 00000098 00000000        DCD              QSPI0_IRQHandler ; 22: QSPI0
   93 0000009C 00000000        DCD              SPI0_IRQHandler ; 23: SPI0
   94 000000A0 00000000        DCD              BRAKE0_IRQHandler 
                                                            ; 24: EPWM0 brake
   95 000000A4 00000000        DCD              EPWM0P0_IRQHandler 
                                                            ; 25: EPWM0 pair 0
   96 000000A8 00000000        DCD              EPWM0P1_IRQHandler 
                                                            ; 26: EPWM0 pair 1
   97 000000AC 00000000        DCD              EPWM0P2_IRQHandler 
                                                            ; 27: EPWM0 pair 2
   98 000000B0 00000000        DCD              BRAKE1_IRQHandler 
                                                            ; 28: EPWM1 brake
   99 000000B4 00000000        DCD              EPWM1P0_IRQHandler 
                                                            ; 29: EPWM1 pair 0
  100 000000B8 00000000        DCD              EPWM1P1_IRQHandler 
                                                            ; 30: EPWM1 pair 1
  101 000000BC 00000000        DCD              EPWM1P2_IRQHandler 
                                                            ; 31: EPWM1 pair 2
  102 000000C0 00000000        DCD              TMR0_IRQHandler ; 32: Timer 0
  103 000000C4 00000000        DCD              TMR1_IRQHandler ; 33: Timer 1
  104 000000C8 00000000        DCD              TMR2_IRQHandler ; 34: Timer 2
  105 000000CC 00000000        DCD              TMR3_IRQHandler ; 35: Timer 3
  106 000000D0 00000000        DCD              UART0_IRQHandler ; 36: UART0
  107 000000D4 00000000        DCD              UART1_IRQHandler ; 37: UART1
  108 000000D8 00000000        DCD              I2C0_IRQHandler ; 38: I2C0
  109 000000DC 00000000        DCD              I2C1_IRQHandler ; 39: I2C1
  110 000000E0 00000000        DCD              PDMA0_IRQHandler ; 40: Peripher
                                                            al DMA 0
  111 000000E4 00000000        DCD              DAC_IRQHandler ; 41: DAC
  112 000000E8 00000000        DCD              EADC00_IRQHandler ; 42: EADC0 i
                                                            nterrupt source 0
  113 000000EC 00000000        DCD              EADC01_IRQHandler ; 43: EADC0 i
                                                            nterrupt source 1
  114 000000F0 00000000        DCD              ACMP01_IRQHandler ; 44: ACMP0 a
                                                            nd ACMP1
  115 000000F4 00000000        DCD              ACMP23_IRQHandler ; 45: ACMP2 a
                                                            nd ACMP3
  116 000000F8 00000000        DCD              EADC02_IRQHandler ; 46: EADC0 i
                                                            nterrupt source 2
  117 000000FC 00000000        DCD              EADC03_IRQHandler ; 47: EADC0 i
                                                            nterrupt source 3
  118 00000100 00000000        DCD              UART2_IRQHandler ; 48: UART2
  119 00000104 00000000        DCD              UART3_IRQHandler ; 49: UART3
  120 00000108 00000000        DCD              QSPI1_IRQHandler ; 50: QSPI1
  121 0000010C 00000000        DCD              SPI1_IRQHandler ; 51: SPI1
  122 00000110 00000000        DCD              SPI2_IRQHandler ; 52: SPI2



ARM Macro Assembler    Page 4 


  123 00000114 00000000        DCD              USBD_IRQHandler 
                                                            ; 53: USB device
  124 00000118 00000000        DCD              OHCI_IRQHandler ; 54: OHCI
  125 0000011C 00000000        DCD              USBOTG_IRQHandler ; 55: USB OTG
                                                            
  126 00000120 00000000        DCD              BMC_IRQHandler ; 56: BMC
  127 00000124 00000000        DCD              SPI5_IRQHandler ; 57: SPI5
  128 00000128 00000000        DCD              SC0_IRQHandler ; 58: SC0
  129 0000012C 00000000        DCD              SC1_IRQHandler ; 59: SC1
  130 00000130 00000000        DCD              SC2_IRQHandler ; 60: SC2
  131 00000134 00000000        DCD              GPJ_IRQHandler 
                                                            ; 61: GPIO Port J
  132 00000138 00000000        DCD              SPI3_IRQHandler ; 62: SPI3
  133 0000013C 00000000        DCD              SPI4_IRQHandler ; 63: SPI4
  134 00000140 00000000        DCD              SDH0_IRQHandler ; 64: SDH0
  135 00000144 00000000        DCD              USBD20_IRQHandler ; 65: USBD20
  136 00000148 00000000        DCD              EMAC0_IRQHandler ; 66: EMAC0
  137 0000014C 00000000        DCD              Default_Handler ; 67:
  138 00000150 00000000        DCD              I2S0_IRQHandler ; 68: I2S0
  139 00000154 00000000        DCD              I2S1_IRQHandler ; 69: I2S1
  140 00000158 00000000        DCD              SPI6_IRQHandler ; 70: SPI6
  141 0000015C 00000000        DCD              CRPT_IRQHandler ; 71: CRYPTO
  142 00000160 00000000        DCD              GPG_IRQHandler 
                                                            ; 72: GPIO Port G
  143 00000164 00000000        DCD              EINT6_IRQHandler ; 73: External
                                                             Input 6
  144 00000168 00000000        DCD              UART4_IRQHandler ; 74: UART4
  145 0000016C 00000000        DCD              UART5_IRQHandler ; 75: UART5
  146 00000170 00000000        DCD              USCI0_IRQHandler ; 76: USCI0
  147 00000174 00000000        DCD              SPI7_IRQHandler ; 77: SPI7
  148 00000178 00000000        DCD              BPWM0_IRQHandler ; 78: BPWM0
  149 0000017C 00000000        DCD              BPWM1_IRQHandler ; 79: BPWM1
  150 00000180 00000000        DCD              SPIM_IRQHandler ; 80: SPIM
  151 00000184 00000000        DCD              CCAP_IRQHandler ; 81: CCAP
  152 00000188 00000000        DCD              I2C2_IRQHandler ; 82: I2C2
  153 0000018C 00000000        DCD              I2C3_IRQHandler ; 83: I2C3
  154 00000190 00000000        DCD              EQEI0_IRQHandler ; 84: EQEI0
  155 00000194 00000000        DCD              EQEI1_IRQHandler ; 85: EQEI1
  156 00000198 00000000        DCD              ECAP0_IRQHandler ; 86: ECAP0
  157 0000019C 00000000        DCD              ECAP1_IRQHandler ; 87: ECAP1
  158 000001A0 00000000        DCD              GPH_IRQHandler 
                                                            ; 88: GPIO Port H
  159 000001A4 00000000        DCD              EINT7_IRQHandler ; 89: External
                                                             Input 7
  160 000001A8 00000000        DCD              SDH1_IRQHandler ; 90: SDH1
  161 000001AC 00000000        DCD              PSIO_IRQHandler ; 91: PSIO
  162 000001B0 00000000        DCD              EHCI_IRQHandler ; 92: EHCI
  163 000001B4 00000000        DCD              USBOTG20_IRQHandler ; 93: HSOTG
                                                            
  164 000001B8 00000000        DCD              ECAP2_IRQHandler ; 94: ECAP2
  165 000001BC 00000000        DCD              ECAP3_IRQHandler ; 95: ECAP3
  166 000001C0 00000000        DCD              KPI_IRQHandler ; 96: KPI
  167 000001C4 00000000        DCD              HBI_IRQHandler ; 97: HBI
  168 000001C8 00000000        DCD              PDMA1_IRQHandler ; 98: Peripher
                                                            al DMA 1
  169 000001CC 00000000        DCD              UART8_IRQHandler ; 99: UART8
  170 000001D0 00000000        DCD              UART9_IRQHandler ; 100: UART9
  171 000001D4 00000000        DCD              TRNG_IRQHandler ; 101: TRNG
  172 000001D8 00000000        DCD              UART6_IRQHandler ; 102: UART6



ARM Macro Assembler    Page 5 


  173 000001DC 00000000        DCD              UART7_IRQHandler ; 103: UART7
  174 000001E0 00000000        DCD              EADC10_IRQHandler ; 104: EADC1 
                                                            interrupt source 0
  175 000001E4 00000000        DCD              EADC11_IRQHandler ; 105: EADC1 
                                                            interrupt source 1
  176 000001E8 00000000        DCD              EADC12_IRQHandler ; 106: EADC1 
                                                            interrupt source 2
  177 000001EC 00000000        DCD              EADC13_IRQHandler ; 107: EADC1 
                                                            interrupt source 3
  178 000001F0 00000000        DCD              SPI8_IRQHandler ; 108: SPI8
  179 000001F4 00000000        DCD              KS_IRQHandler ; 109: Key Store
  180 000001F8 00000000        DCD              GPI_IRQHandler 
                                                            ; 110: GPIO Port I
  181 000001FC 00000000        DCD              SPI9_IRQHandler ; 111: SPI9
  182 00000200 00000000        DCD              CANFD00_IRQHandler ; 112: CANFD
                                                            0 interrupt source 
                                                            0
  183 00000204 00000000        DCD              CANFD01_IRQHandler ; 113: CANFD
                                                            0 interrupt source 
                                                            1
  184 00000208 00000000        DCD              CANFD10_IRQHandler ; 114: CANFD
                                                            1 interrupt source 
                                                            0
  185 0000020C 00000000        DCD              CANFD11_IRQHandler ; 115: CANFD
                                                            1 interrupt source 
                                                            1
  186 00000210 00000000        DCD              EQEI2_IRQHandler ; 116: EQEI2
  187 00000214 00000000        DCD              EQEI3_IRQHandler ; 117: EQEI3
  188 00000218 00000000        DCD              I2C4_IRQHandler ; 118: I2C4
  189 0000021C 00000000        DCD              SPI10_IRQHandler ; 119: SPI10
  190 00000220 00000000        DCD              CANFD20_IRQHandler ; 120: CANFD
                                                            2 interrupt source 
                                                            0
  191 00000224 00000000        DCD              CANFD21_IRQHandler ; 121: CANFD
                                                            2 interrupt source 
                                                            1
  192 00000228 00000000        DCD              CANFD30_IRQHandler ; 122: CANFD
                                                            3 interrupt source 
                                                            0
  193 0000022C 00000000        DCD              CANFD31_IRQHandler ; 123: CANFD
                                                            3 interrupt source 
                                                            1
  194 00000230 00000000        DCD              EADC20_IRQHandler ; 124: EADC2 
                                                            interrupt source 0
  195 00000234 00000000        DCD              EADC21_IRQHandler ; 125: EADC2 
                                                            interrupt source 1
  196 00000238 00000000        DCD              EADC22_IRQHandler ; 126: EADC2 
                                                            interrupt source 2
  197 0000023C 00000000        DCD              EADC23_IRQHandler ; 127: EADC2 
                                                            interrupt source 3
  198 00000240         
  199 00000240         
  200 00000240         __Vectors_End
  201 00000240         
  202 00000240 00000240 
                       __Vectors_Size
                               EQU              __Vectors_End - __Vectors
  203 00000240         
  204 00000240                 AREA             |.text|, CODE, READONLY



ARM Macro Assembler    Page 6 


  205 00000000         
  206 00000000         
  207 00000000         ; Reset Handler
  208 00000000         
  209 00000000         Reset_Handler
                               PROC
  210 00000000                 EXPORT           Reset_Handler             [WEAK
]
  211 00000000                 IMPORT           SystemInit
  212 00000000                 IMPORT           __main
  213 00000000         
  214 00000000         
  215 00000000 480A            LDR              R0, =SystemInit
  216 00000002 4780            BLX              R0
  217 00000004 480A            LDR              R0, =__main
  218 00000006 4700            BX               R0
  219 00000008         
  220 00000008                 ENDP
  221 00000008         
  222 00000008         
  223 00000008         ; Dummy Exception Handlers (infinite loops which can be 
                       modified)
  224 00000008         
  225 00000008         NMI_Handler
                               PROC
  226 00000008                 EXPORT           NMI_Handler               [WEAK
]
  227 00000008 E7FE            B                .
  228 0000000A                 ENDP
  230 0000000A         HardFault_Handler
                               PROC
  231 0000000A                 IMPORT           ProcessHardFault
  232 0000000A                 EXPORT           HardFault_Handler         [WEAK
]
  233 0000000A         ;B       .
  234 0000000A 4670            MOV              R0, LR
  235 0000000C F3EF 8108       MRS              R1, MSP
  236 00000010 F3EF 8209       MRS              R2, PSP
  237 00000014 4B07            LDR              R3, =ProcessHardFault
  238 00000016 4798            BLX              R3
  239 00000018 4700            BX               R0
  240 0000001A                 ENDP
  242 0000001A         MemManage_Handler
                               PROC
  243 0000001A                 EXPORT           MemManage_Handler         [WEAK
]
  244 0000001A E7FE            B                .
  245 0000001C                 ENDP
  247 0000001C         BusFault_Handler
                               PROC
  248 0000001C                 EXPORT           BusFault_Handler          [WEAK
]
  249 0000001C E7FE            B                .
  250 0000001E                 ENDP
  252 0000001E         UsageFault_Handler
                               PROC
  253 0000001E                 EXPORT           UsageFault_Handler        [WEAK
]
  254 0000001E E7FE            B                .



ARM Macro Assembler    Page 7 


  255 00000020                 ENDP
  256 00000020         SVC_Handler
                               PROC
  257 00000020                 EXPORT           SVC_Handler               [WEAK
]
  258 00000020 E7FE            B                .
  259 00000022                 ENDP
  261 00000022         DebugMon_Handler
                               PROC
  262 00000022                 EXPORT           DebugMon_Handler          [WEAK
]
  263 00000022 E7FE            B                .
  264 00000024                 ENDP
  266 00000024         PendSV_Handler
                               PROC
  267 00000024                 EXPORT           PendSV_Handler            [WEAK
]
  268 00000024 E7FE            B                .
  269 00000026                 ENDP
  271 00000026         SysTick_Handler
                               PROC
  272 00000026                 EXPORT           SysTick_Handler           [WEAK
]
  273 00000026 E7FE            B                .
  274 00000028                 ENDP
  275 00000028         
  276 00000028         Default_Handler
                               PROC
  277 00000028         
  278 00000028                 EXPORT           BOD_IRQHandler            [WEAK
]
  279 00000028                 EXPORT           IRC_IRQHandler            [WEAK
]
  280 00000028                 EXPORT           PWRWU_IRQHandler          [WEAK
]
  281 00000028                 EXPORT           RAMPE_IRQHandler          [WEAK
]
  282 00000028                 EXPORT           CKFAIL_IRQHandler         [WEAK
]
  283 00000028                 EXPORT           ISP_IRQHandler            [WEAK
]
  284 00000028                 EXPORT           RTC_IRQHandler            [WEAK
]
  285 00000028                 EXPORT           TAMPER_IRQHandler         [WEAK
]
  286 00000028                 EXPORT           WDT_IRQHandler            [WEAK
]
  287 00000028                 EXPORT           WWDT_IRQHandler           [WEAK
]
  288 00000028                 EXPORT           EINT0_IRQHandler          [WEAK
]
  289 00000028                 EXPORT           EINT1_IRQHandler          [WEAK
]
  290 00000028                 EXPORT           EINT2_IRQHandler          [WEAK
]
  291 00000028                 EXPORT           EINT3_IRQHandler          [WEAK
]
  292 00000028                 EXPORT           EINT4_IRQHandler          [WEAK
]



ARM Macro Assembler    Page 8 


  293 00000028                 EXPORT           EINT5_IRQHandler          [WEAK
]
  294 00000028                 EXPORT           GPA_IRQHandler            [WEAK
]
  295 00000028                 EXPORT           GPB_IRQHandler            [WEAK
]
  296 00000028                 EXPORT           GPC_IRQHandler            [WEAK
]
  297 00000028                 EXPORT           GPD_IRQHandler            [WEAK
]
  298 00000028                 EXPORT           GPE_IRQHandler            [WEAK
]
  299 00000028                 EXPORT           GPF_IRQHandler            [WEAK
]
  300 00000028                 EXPORT           QSPI0_IRQHandler          [WEAK
]
  301 00000028                 EXPORT           SPI0_IRQHandler           [WEAK
]
  302 00000028                 EXPORT           BRAKE0_IRQHandler         [WEAK
]
  303 00000028                 EXPORT           EPWM0P0_IRQHandler        [WEAK
]
  304 00000028                 EXPORT           EPWM0P1_IRQHandler        [WEAK
]
  305 00000028                 EXPORT           EPWM0P2_IRQHandler        [WEAK
]
  306 00000028                 EXPORT           BRAKE1_IRQHandler         [WEAK
]
  307 00000028                 EXPORT           EPWM1P0_IRQHandler        [WEAK
]
  308 00000028                 EXPORT           EPWM1P1_IRQHandler        [WEAK
]
  309 00000028                 EXPORT           EPWM1P2_IRQHandler        [WEAK
]
  310 00000028                 EXPORT           TMR0_IRQHandler           [WEAK
]
  311 00000028                 EXPORT           TMR1_IRQHandler           [WEAK
]
  312 00000028                 EXPORT           TMR2_IRQHandler           [WEAK
]
  313 00000028                 EXPORT           TMR3_IRQHandler           [WEAK
]
  314 00000028                 EXPORT           UART0_IRQHandler          [WEAK
]
  315 00000028                 EXPORT           UART1_IRQHandler          [WEAK
]
  316 00000028                 EXPORT           I2C0_IRQHandler           [WEAK
]
  317 00000028                 EXPORT           I2C1_IRQHandler           [WEAK
]
  318 00000028                 EXPORT           PDMA0_IRQHandler          [WEAK
]
  319 00000028                 EXPORT           DAC_IRQHandler            [WEAK
]
  320 00000028                 EXPORT           EADC00_IRQHandler         [WEAK
]
  321 00000028                 EXPORT           EADC01_IRQHandler         [WEAK
]
  322 00000028                 EXPORT           ACMP01_IRQHandler         [WEAK



ARM Macro Assembler    Page 9 


]
  323 00000028                 EXPORT           ACMP23_IRQHandler         [WEAK
]
  324 00000028                 EXPORT           EADC02_IRQHandler         [WEAK
]
  325 00000028                 EXPORT           EADC03_IRQHandler         [WEAK
]
  326 00000028                 EXPORT           UART2_IRQHandler          [WEAK
]
  327 00000028                 EXPORT           UART3_IRQHandler          [WEAK
]
  328 00000028                 EXPORT           QSPI1_IRQHandler          [WEAK
]
  329 00000028                 EXPORT           SPI1_IRQHandler           [WEAK
]
  330 00000028                 EXPORT           SPI2_IRQHandler           [WEAK
]
  331 00000028                 EXPORT           USBD_IRQHandler           [WEAK
]
  332 00000028                 EXPORT           OHCI_IRQHandler           [WEAK
]
  333 00000028                 EXPORT           USBOTG_IRQHandler         [WEAK
]
  334 00000028                 EXPORT           BMC_IRQHandler            [WEAK
]
  335 00000028                 EXPORT           SPI5_IRQHandler           [WEAK
]
  336 00000028                 EXPORT           SC0_IRQHandler            [WEAK
]
  337 00000028                 EXPORT           SC1_IRQHandler            [WEAK
]
  338 00000028                 EXPORT           SC2_IRQHandler            [WEAK
]
  339 00000028                 EXPORT           GPJ_IRQHandler            [WEAK
]
  340 00000028                 EXPORT           SPI3_IRQHandler           [WEAK
]
  341 00000028                 EXPORT           SPI4_IRQHandler           [WEAK
]
  342 00000028                 EXPORT           SDH0_IRQHandler           [WEAK
]
  343 00000028                 EXPORT           USBD20_IRQHandler         [WEAK
]
  344 00000028                 EXPORT           EMAC0_IRQHandler          [WEAK
]
  345 00000028                 EXPORT           I2S0_IRQHandler           [WEAK
]
  346 00000028                 EXPORT           I2S1_IRQHandler           [WEAK
]
  347 00000028                 EXPORT           SPI6_IRQHandler           [WEAK
]
  348 00000028                 EXPORT           CRPT_IRQHandler           [WEAK
]
  349 00000028                 EXPORT           GPG_IRQHandler            [WEAK
]
  350 00000028                 EXPORT           EINT6_IRQHandler          [WEAK
]
  351 00000028                 EXPORT           UART4_IRQHandler          [WEAK
]



ARM Macro Assembler    Page 10 


  352 00000028                 EXPORT           UART5_IRQHandler          [WEAK
]
  353 00000028                 EXPORT           USCI0_IRQHandler          [WEAK
]
  354 00000028                 EXPORT           SPI7_IRQHandler           [WEAK
]
  355 00000028                 EXPORT           BPWM0_IRQHandler          [WEAK
]
  356 00000028                 EXPORT           BPWM1_IRQHandler          [WEAK
]
  357 00000028                 EXPORT           SPIM_IRQHandler           [WEAK
]
  358 00000028                 EXPORT           CCAP_IRQHandler           [WEAK
]
  359 00000028                 EXPORT           I2C2_IRQHandler           [WEAK
]
  360 00000028                 EXPORT           I2C3_IRQHandler           [WEAK
]
  361 00000028                 EXPORT           EQEI0_IRQHandler          [WEAK
]
  362 00000028                 EXPORT           EQEI1_IRQHandler          [WEAK
]
  363 00000028                 EXPORT           ECAP0_IRQHandler          [WEAK
]
  364 00000028                 EXPORT           ECAP1_IRQHandler          [WEAK
]
  365 00000028                 EXPORT           GPH_IRQHandler            [WEAK
]
  366 00000028                 EXPORT           EINT7_IRQHandler          [WEAK
]
  367 00000028                 EXPORT           SDH1_IRQHandler           [WEAK
]
  368 00000028                 EXPORT           PSIO_IRQHandler           [WEAK
]
  369 00000028                 EXPORT           EHCI_IRQHandler           [WEAK
]
  370 00000028                 EXPORT           USBOTG20_IRQHandler       [WEAK
]
  371 00000028                 EXPORT           ECAP2_IRQHandler          [WEAK
]
  372 00000028                 EXPORT           ECAP3_IRQHandler          [WEAK
]
  373 00000028                 EXPORT           KPI_IRQHandler            [WEAK
]
  374 00000028                 EXPORT           HBI_IRQHandler            [WEAK
]
  375 00000028                 EXPORT           PDMA1_IRQHandler          [WEAK
]
  376 00000028                 EXPORT           UART8_IRQHandler          [WEAK
]
  377 00000028                 EXPORT           UART9_IRQHandler          [WEAK
]
  378 00000028                 EXPORT           TRNG_IRQHandler           [WEAK
]
  379 00000028                 EXPORT           UART6_IRQHandler          [WEAK
]
  380 00000028                 EXPORT           UART7_IRQHandler          [WEAK
]
  381 00000028                 EXPORT           EADC10_IRQHandler         [WEAK



ARM Macro Assembler    Page 11 


]
  382 00000028                 EXPORT           EADC11_IRQHandler         [WEAK
]
  383 00000028                 EXPORT           EADC12_IRQHandler         [WEAK
]
  384 00000028                 EXPORT           EADC13_IRQHandler         [WEAK
]
  385 00000028                 EXPORT           SPI8_IRQHandler           [WEAK
]
  386 00000028                 EXPORT           KS_IRQHandler             [WEAK
]
  387 00000028                 EXPORT           GPI_IRQHandler            [WEAK
]
  388 00000028                 EXPORT           SPI9_IRQHandler           [WEAK
]
  389 00000028                 EXPORT           CANFD00_IRQHandler        [WEAK
]
  390 00000028                 EXPORT           CANFD01_IRQHandler        [WEAK
]
  391 00000028                 EXPORT           CANFD10_IRQHandler        [WEAK
]
  392 00000028                 EXPORT           CANFD11_IRQHandler        [WEAK
]
  393 00000028                 EXPORT           EQEI2_IRQHandler          [WEAK
]
  394 00000028                 EXPORT           EQEI3_IRQHandler          [WEAK
]
  395 00000028                 EXPORT           I2C4_IRQHandler           [WEAK
]
  396 00000028                 EXPORT           SPI10_IRQHandler          [WEAK
]
  397 00000028                 EXPORT           CANFD20_IRQHandler        [WEAK
]
  398 00000028                 EXPORT           CANFD21_IRQHandler        [WEAK
]
  399 00000028                 EXPORT           CANFD30_IRQHandler        [WEAK
]
  400 00000028                 EXPORT           CANFD31_IRQHandler        [WEAK
]
  401 00000028                 EXPORT           EADC20_IRQHandler         [WEAK
]
  402 00000028                 EXPORT           EADC21_IRQHandler         [WEAK
]
  403 00000028                 EXPORT           EADC22_IRQHandler         [WEAK
]
  404 00000028                 EXPORT           EADC23_IRQHandler         [WEAK
]
  405 00000028         
  406 00000028         
  407 00000028         Default__IRQHandler
  408 00000028         BOD_IRQHandler
  409 00000028         IRC_IRQHandler
  410 00000028         PWRWU_IRQHandler
  411 00000028         RAMPE_IRQHandler
  412 00000028         CKFAIL_IRQHandler
  413 00000028         ISP_IRQHandler
  414 00000028         RTC_IRQHandler
  415 00000028         TAMPER_IRQHandler
  416 00000028         WDT_IRQHandler



ARM Macro Assembler    Page 12 


  417 00000028         WWDT_IRQHandler
  418 00000028         EINT0_IRQHandler
  419 00000028         EINT1_IRQHandler
  420 00000028         EINT2_IRQHandler
  421 00000028         EINT3_IRQHandler
  422 00000028         EINT4_IRQHandler
  423 00000028         EINT5_IRQHandler
  424 00000028         GPA_IRQHandler
  425 00000028         GPB_IRQHandler
  426 00000028         GPC_IRQHandler
  427 00000028         GPD_IRQHandler
  428 00000028         GPE_IRQHandler
  429 00000028         GPF_IRQHandler
  430 00000028         QSPI0_IRQHandler
  431 00000028         SPI0_IRQHandler
  432 00000028         BRAKE0_IRQHandler
  433 00000028         EPWM0P0_IRQHandler
  434 00000028         EPWM0P1_IRQHandler
  435 00000028         EPWM0P2_IRQHandler
  436 00000028         BRAKE1_IRQHandler
  437 00000028         EPWM1P0_IRQHandler
  438 00000028         EPWM1P1_IRQHandler
  439 00000028         EPWM1P2_IRQHandler
  440 00000028         TMR0_IRQHandler
  441 00000028         TMR1_IRQHandler
  442 00000028         TMR2_IRQHandler
  443 00000028         TMR3_IRQHandler
  444 00000028         UART0_IRQHandler
  445 00000028         UART1_IRQHandler
  446 00000028         I2C0_IRQHandler
  447 00000028         I2C1_IRQHandler
  448 00000028         PDMA0_IRQHandler
  449 00000028         DAC_IRQHandler
  450 00000028         EADC00_IRQHandler
  451 00000028         EADC01_IRQHandler
  452 00000028         ACMP01_IRQHandler
  453 00000028         ACMP23_IRQHandler
  454 00000028         EADC02_IRQHandler
  455 00000028         EADC03_IRQHandler
  456 00000028         UART2_IRQHandler
  457 00000028         UART3_IRQHandler
  458 00000028         QSPI1_IRQHandler
  459 00000028         SPI1_IRQHandler
  460 00000028         SPI2_IRQHandler
  461 00000028         USBD_IRQHandler
  462 00000028         OHCI_IRQHandler
  463 00000028         USBOTG_IRQHandler
  464 00000028         BMC_IRQHandler
  465 00000028         SPI5_IRQHandler
  466 00000028         SC0_IRQHandler
  467 00000028         SC1_IRQHandler
  468 00000028         SC2_IRQHandler
  469 00000028         GPJ_IRQHandler
  470 00000028         SPI3_IRQHandler
  471 00000028         SPI4_IRQHandler
  472 00000028         SDH0_IRQHandler
  473 00000028         USBD20_IRQHandler
  474 00000028         EMAC0_IRQHandler
  475 00000028         I2S0_IRQHandler



ARM Macro Assembler    Page 13 


  476 00000028         I2S1_IRQHandler
  477 00000028         SPI6_IRQHandler
  478 00000028         CRPT_IRQHandler
  479 00000028         GPG_IRQHandler
  480 00000028         EINT6_IRQHandler
  481 00000028         UART4_IRQHandler
  482 00000028         UART5_IRQHandler
  483 00000028         USCI0_IRQHandler
  484 00000028         SPI7_IRQHandler
  485 00000028         BPWM0_IRQHandler
  486 00000028         BPWM1_IRQHandler
  487 00000028         SPIM_IRQHandler
  488 00000028         CCAP_IRQHandler
  489 00000028         I2C2_IRQHandler
  490 00000028         I2C3_IRQHandler
  491 00000028         EQEI0_IRQHandler
  492 00000028         EQEI1_IRQHandler
  493 00000028         ECAP0_IRQHandler
  494 00000028         ECAP1_IRQHandler
  495 00000028         GPH_IRQHandler
  496 00000028         EINT7_IRQHandler
  497 00000028         SDH1_IRQHandler
  498 00000028         PSIO_IRQHandler
  499 00000028         EHCI_IRQHandler
  500 00000028         USBOTG20_IRQHandler
  501 00000028         ECAP2_IRQHandler
  502 00000028         ECAP3_IRQHandler
  503 00000028         KPI_IRQHandler
  504 00000028         HBI_IRQHandler
  505 00000028         PDMA1_IRQHandler
  506 00000028         UART8_IRQHandler
  507 00000028         UART9_IRQHandler
  508 00000028         TRNG_IRQHandler
  509 00000028         UART6_IRQHandler
  510 00000028         UART7_IRQHandler
  511 00000028         EADC10_IRQHandler
  512 00000028         EADC11_IRQHandler
  513 00000028         EADC12_IRQHandler
  514 00000028         EADC13_IRQHandler
  515 00000028         SPI8_IRQHandler
  516 00000028         KS_IRQHandler
  517 00000028         GPI_IRQHandler
  518 00000028         SPI9_IRQHandler
  519 00000028         CANFD00_IRQHandler
  520 00000028         CANFD01_IRQHandler
  521 00000028         CANFD10_IRQHandler
  522 00000028         CANFD11_IRQHandler
  523 00000028         EQEI2_IRQHandler
  524 00000028         EQEI3_IRQHandler
  525 00000028         I2C4_IRQHandler
  526 00000028         SPI10_IRQHandler
  527 00000028         CANFD20_IRQHandler
  528 00000028         CANFD21_IRQHandler
  529 00000028         CANFD30_IRQHandler
  530 00000028         CANFD31_IRQHandler
  531 00000028         EADC20_IRQHandler
  532 00000028         EADC21_IRQHandler
  533 00000028         EADC22_IRQHandler
  534 00000028         EADC23_IRQHandler



ARM Macro Assembler    Page 14 


  535 00000028         
  536 00000028         
  537 00000028 E7FE            B                .
  538 0000002A                 ENDP
  539 0000002A         
  540 0000002A         
  541 0000002A 00 00           ALIGN
  542 0000002C         
  543 0000002C         
  544 0000002C         ; User Initial Stack & Heap
  545 0000002C         
  546 0000002C                 IF               :DEF:__MICROLIB
  547 0000002C         
  548 0000002C                 EXPORT           __initial_sp
  549 0000002C                 EXPORT           __heap_base
  550 0000002C                 EXPORT           __heap_limit
  551 0000002C         
  552 0000002C                 ELSE
  567                          ENDIF
  568 0000002C         
  569 0000002C         
  570 0000002C                 END
              00000000 
              00000000 
              00000000 
Command Line: --debug --xref --diag_suppress=9931 --cpu=Cortex-M4.fp --depend=.
\obj\startup_m460.d -o.\obj\startup_m460.o -I.\RTE\_Template -IE:\class\Arm\Nuv
oton\NuMicro_DFP\1.3.22\Device\M460\Include -IE:\class\Keil\ARM\CMSIS\Include -
-predefine="__EVAL SETA 1" --predefine="__MICROLIB SETA 1" --predefine="__UVISI
ON_VERSION SETA 528" --list=.\lst\startup_m460.lst ..\..\..\Library\Device\Nuvo
ton\m460\Source\ARM\startup_m460.s



ARM Macro Assembler    Page 1 Alphabetic symbol ordering
Relocatable symbols

STACK 00000000

Symbol: STACK
   Definitions
      At line 22 in file ..\..\..\Library\Device\Nuvoton\m460\Source\ARM\startu
p_m460.s
   Uses
      None
Comment: STACK unused
Stack_Mem 00000000

Symbol: Stack_Mem
   Definitions
      At line 23 in file ..\..\..\Library\Device\Nuvoton\m460\Source\ARM\startu
p_m460.s
   Uses
      None
Comment: Stack_Mem unused
__initial_sp 00001000

Symbol: __initial_sp
   Definitions
      At line 24 in file ..\..\..\Library\Device\Nuvoton\m460\Source\ARM\startu
p_m460.s
   Uses
      At line 52 in file ..\..\..\Library\Device\Nuvoton\m460\Source\ARM\startu
p_m460.s
      At line 548 in file ..\..\..\Library\Device\Nuvoton\m460\Source\ARM\start
up_m460.s

3 symbols



ARM Macro Assembler    Page 1 Alphabetic symbol ordering
Relocatable symbols

HEAP 00000000

Symbol: HEAP
   Definitions
      At line 35 in file ..\..\..\Library\Device\Nuvoton\m460\Source\ARM\startu
p_m460.s
   Uses
      None
Comment: HEAP unused
Heap_Mem 00000000

Symbol: Heap_Mem
   Definitions
      At line 37 in file ..\..\..\Library\Device\Nuvoton\m460\Source\ARM\startu
p_m460.s
   Uses
      None
Comment: Heap_Mem unused
__heap_base 00000000

Symbol: __heap_base
   Definitions
      At line 36 in file ..\..\..\Library\Device\Nuvoton\m460\Source\ARM\startu
p_m460.s
   Uses
      At line 549 in file ..\..\..\Library\Device\Nuvoton\m460\Source\ARM\start
up_m460.s
Comment: __heap_base used once
__heap_limit 00000100

Symbol: __heap_limit
   Definitions
      At line 38 in file ..\..\..\Library\Device\Nuvoton\m460\Source\ARM\startu
p_m460.s
   Uses
      At line 550 in file ..\..\..\Library\Device\Nuvoton\m460\Source\ARM\start
up_m460.s
Comment: __heap_limit used once
4 symbols



ARM Macro Assembler    Page 1 Alphabetic symbol ordering
Relocatable symbols

RESET 00000000

Symbol: RESET
   Definitions
      At line 47 in file ..\..\..\Library\Device\Nuvoton\m460\Source\ARM\startu
p_m460.s
   Uses
      None
Comment: RESET unused
__Vectors 00000000

Symbol: __Vectors
   Definitions
      At line 52 in file ..\..\..\Library\Device\Nuvoton\m460\Source\ARM\startu
p_m460.s
   Uses
      At line 48 in file ..\..\..\Library\Device\Nuvoton\m460\Source\ARM\startu
p_m460.s
      At line 202 in file ..\..\..\Library\Device\Nuvoton\m460\Source\ARM\start
up_m460.s

__Vectors_End 00000240

Symbol: __Vectors_End
   Definitions
      At line 200 in file ..\..\..\Library\Device\Nuvoton\m460\Source\ARM\start
up_m460.s
   Uses
      At line 49 in file ..\..\..\Library\Device\Nuvoton\m460\Source\ARM\startu
p_m460.s
      At line 202 in file ..\..\..\Library\Device\Nuvoton\m460\Source\ARM\start
up_m460.s

3 symbols



ARM Macro Assembler    Page 1 Alphabetic symbol ordering
Relocatable symbols

.text 00000000

Symbol: .text
   Definitions
      At line 204 in file ..\..\..\Library\Device\Nuvoton\m460\Source\ARM\start
up_m460.s
   Uses
      None
Comment: .text unused
ACMP01_IRQHandler 00000028

Symbol: ACMP01_IRQHandler
   Definitions
      At line 452 in file ..\..\..\Library\Device\Nuvoton\m460\Source\ARM\start
up_m460.s
   Uses
      At line 114 in file ..\..\..\Library\Device\Nuvoton\m460\Source\ARM\start
up_m460.s
      At line 322 in file ..\..\..\Library\Device\Nuvoton\m460\Source\ARM\start
up_m460.s

ACMP23_IRQHandler 00000028

Symbol: ACMP23_IRQHandler
   Definitions
      At line 453 in file ..\..\..\Library\Device\Nuvoton\m460\Source\ARM\start
up_m460.s
   Uses
      At line 115 in file ..\..\..\Library\Device\Nuvoton\m460\Source\ARM\start
up_m460.s
      At line 323 in file ..\..\..\Library\Device\Nuvoton\m460\Source\ARM\start
up_m460.s

BMC_IRQHandler 00000028

Symbol: BMC_IRQHandler
   Definitions
      At line 464 in file ..\..\..\Library\Device\Nuvoton\m460\Source\ARM\start
up_m460.s
   Uses
      At line 126 in file ..\..\..\Library\Device\Nuvoton\m460\Source\ARM\start
up_m460.s
      At line 334 in file ..\..\..\Library\Device\Nuvoton\m460\Source\ARM\start
up_m460.s

BOD_IRQHandler 00000028

Symbol: BOD_IRQHandler
   Definitions
      At line 408 in file ..\..\..\Library\Device\Nuvoton\m460\Source\ARM\start
up_m460.s
   Uses
      At line 70 in file ..\..\..\Library\Device\Nuvoton\m460\Source\ARM\startu
p_m460.s
      At line 278 in file ..\..\..\Library\Device\Nuvoton\m460\Source\ARM\start
up_m460.s

BPWM0_IRQHandler 00000028




ARM Macro Assembler    Page 2 Alphabetic symbol ordering
Relocatable symbols

Symbol: BPWM0_IRQHandler
   Definitions
      At line 485 in file ..\..\..\Library\Device\Nuvoton\m460\Source\ARM\start
up_m460.s
   Uses
      At line 148 in file ..\..\..\Library\Device\Nuvoton\m460\Source\ARM\start
up_m460.s
      At line 355 in file ..\..\..\Library\Device\Nuvoton\m460\Source\ARM\start
up_m460.s

BPWM1_IRQHandler 00000028

Symbol: BPWM1_IRQHandler
   Definitions
      At line 486 in file ..\..\..\Library\Device\Nuvoton\m460\Source\ARM\start
up_m460.s
   Uses
      At line 149 in file ..\..\..\Library\Device\Nuvoton\m460\Source\ARM\start
up_m460.s
      At line 356 in file ..\..\..\Library\Device\Nuvoton\m460\Source\ARM\start
up_m460.s

BRAKE0_IRQHandler 00000028

Symbol: BRAKE0_IRQHandler
   Definitions
      At line 432 in file ..\..\..\Library\Device\Nuvoton\m460\Source\ARM\start
up_m460.s
   Uses
      At line 94 in file ..\..\..\Library\Device\Nuvoton\m460\Source\ARM\startu
p_m460.s
      At line 302 in file ..\..\..\Library\Device\Nuvoton\m460\Source\ARM\start
up_m460.s

BRAKE1_IRQHandler 00000028

Symbol: BRAKE1_IRQHandler
   Definitions
      At line 436 in file ..\..\..\Library\Device\Nuvoton\m460\Source\ARM\start
up_m460.s
   Uses
      At line 98 in file ..\..\..\Library\Device\Nuvoton\m460\Source\ARM\startu
p_m460.s
      At line 306 in file ..\..\..\Library\Device\Nuvoton\m460\Source\ARM\start
up_m460.s

BusFault_Handler 0000001C

Symbol: BusFault_Handler
   Definitions
      At line 247 in file ..\..\..\Library\Device\Nuvoton\m460\Source\ARM\start
up_m460.s
   Uses
      At line 57 in file ..\..\..\Library\Device\Nuvoton\m460\Source\ARM\startu
p_m460.s
      At line 248 in file ..\..\..\Library\Device\Nuvoton\m460\Source\ARM\start
up_m460.s

CANFD00_IRQHandler 00000028



ARM Macro Assembler    Page 3 Alphabetic symbol ordering
Relocatable symbols


Symbol: CANFD00_IRQHandler
   Definitions
      At line 519 in file ..\..\..\Library\Device\Nuvoton\m460\Source\ARM\start
up_m460.s
   Uses
      At line 182 in file ..\..\..\Library\Device\Nuvoton\m460\Source\ARM\start
up_m460.s
      At line 389 in file ..\..\..\Library\Device\Nuvoton\m460\Source\ARM\start
up_m460.s

CANFD01_IRQHandler 00000028

Symbol: CANFD01_IRQHandler
   Definitions
      At line 520 in file ..\..\..\Library\Device\Nuvoton\m460\Source\ARM\start
up_m460.s
   Uses
      At line 183 in file ..\..\..\Library\Device\Nuvoton\m460\Source\ARM\start
up_m460.s
      At line 390 in file ..\..\..\Library\Device\Nuvoton\m460\Source\ARM\start
up_m460.s

CANFD10_IRQHandler 00000028

Symbol: CANFD10_IRQHandler
   Definitions
      At line 521 in file ..\..\..\Library\Device\Nuvoton\m460\Source\ARM\start
up_m460.s
   Uses
      At line 184 in file ..\..\..\Library\Device\Nuvoton\m460\Source\ARM\start
up_m460.s
      At line 391 in file ..\..\..\Library\Device\Nuvoton\m460\Source\ARM\start
up_m460.s

CANFD11_IRQHandler 00000028

Symbol: CANFD11_IRQHandler
   Definitions
      At line 522 in file ..\..\..\Library\Device\Nuvoton\m460\Source\ARM\start
up_m460.s
   Uses
      At line 185 in file ..\..\..\Library\Device\Nuvoton\m460\Source\ARM\start
up_m460.s
      At line 392 in file ..\..\..\Library\Device\Nuvoton\m460\Source\ARM\start
up_m460.s

CANFD20_IRQHandler 00000028

Symbol: CANFD20_IRQHandler
   Definitions
      At line 527 in file ..\..\..\Library\Device\Nuvoton\m460\Source\ARM\start
up_m460.s
   Uses
      At line 190 in file ..\..\..\Library\Device\Nuvoton\m460\Source\ARM\start
up_m460.s
      At line 397 in file ..\..\..\Library\Device\Nuvoton\m460\Source\ARM\start
up_m460.s




ARM Macro Assembler    Page 4 Alphabetic symbol ordering
Relocatable symbols

CANFD21_IRQHandler 00000028

Symbol: CANFD21_IRQHandler
   Definitions
      At line 528 in file ..\..\..\Library\Device\Nuvoton\m460\Source\ARM\start
up_m460.s
   Uses
      At line 191 in file ..\..\..\Library\Device\Nuvoton\m460\Source\ARM\start
up_m460.s
      At line 398 in file ..\..\..\Library\Device\Nuvoton\m460\Source\ARM\start
up_m460.s

CANFD30_IRQHandler 00000028

Symbol: CANFD30_IRQHandler
   Definitions
      At line 529 in file ..\..\..\Library\Device\Nuvoton\m460\Source\ARM\start
up_m460.s
   Uses
      At line 192 in file ..\..\..\Library\Device\Nuvoton\m460\Source\ARM\start
up_m460.s
      At line 399 in file ..\..\..\Library\Device\Nuvoton\m460\Source\ARM\start
up_m460.s

CANFD31_IRQHandler 00000028

Symbol: CANFD31_IRQHandler
   Definitions
      At line 530 in file ..\..\..\Library\Device\Nuvoton\m460\Source\ARM\start
up_m460.s
   Uses
      At line 193 in file ..\..\..\Library\Device\Nuvoton\m460\Source\ARM\start
up_m460.s
      At line 400 in file ..\..\..\Library\Device\Nuvoton\m460\Source\ARM\start
up_m460.s

CCAP_IRQHandler 00000028

Symbol: CCAP_IRQHandler
   Definitions
      At line 488 in file ..\..\..\Library\Device\Nuvoton\m460\Source\ARM\start
up_m460.s
   Uses
      At line 151 in file ..\..\..\Library\Device\Nuvoton\m460\Source\ARM\start
up_m460.s
      At line 358 in file ..\..\..\Library\Device\Nuvoton\m460\Source\ARM\start
up_m460.s

CKFAIL_IRQHandler 00000028

Symbol: CKFAIL_IRQHandler
   Definitions
      At line 412 in file ..\..\..\Library\Device\Nuvoton\m460\Source\ARM\start
up_m460.s
   Uses
      At line 74 in file ..\..\..\Library\Device\Nuvoton\m460\Source\ARM\startu
p_m460.s
      At line 282 in file ..\..\..\Library\Device\Nuvoton\m460\Source\ARM\start
up_m460.s



ARM Macro Assembler    Page 5 Alphabetic symbol ordering
Relocatable symbols


CRPT_IRQHandler 00000028

Symbol: CRPT_IRQHandler
   Definitions
      At line 478 in file ..\..\..\Library\Device\Nuvoton\m460\Source\ARM\start
up_m460.s
   Uses
      At line 141 in file ..\..\..\Library\Device\Nuvoton\m460\Source\ARM\start
up_m460.s
      At line 348 in file ..\..\..\Library\Device\Nuvoton\m460\Source\ARM\start
up_m460.s

DAC_IRQHandler 00000028

Symbol: DAC_IRQHandler
   Definitions
      At line 449 in file ..\..\..\Library\Device\Nuvoton\m460\Source\ARM\start
up_m460.s
   Uses
      At line 111 in file ..\..\..\Library\Device\Nuvoton\m460\Source\ARM\start
up_m460.s
      At line 319 in file ..\..\..\Library\Device\Nuvoton\m460\Source\ARM\start
up_m460.s

DebugMon_Handler 00000022

Symbol: DebugMon_Handler
   Definitions
      At line 261 in file ..\..\..\Library\Device\Nuvoton\m460\Source\ARM\start
up_m460.s
   Uses
      At line 64 in file ..\..\..\Library\Device\Nuvoton\m460\Source\ARM\startu
p_m460.s
      At line 262 in file ..\..\..\Library\Device\Nuvoton\m460\Source\ARM\start
up_m460.s

Default_Handler 00000028

Symbol: Default_Handler
   Definitions
      At line 276 in file ..\..\..\Library\Device\Nuvoton\m460\Source\ARM\start
up_m460.s
   Uses
      At line 137 in file ..\..\..\Library\Device\Nuvoton\m460\Source\ARM\start
up_m460.s
Comment: Default_Handler used once
Default__IRQHandler 00000028

Symbol: Default__IRQHandler
   Definitions
      At line 407 in file ..\..\..\Library\Device\Nuvoton\m460\Source\ARM\start
up_m460.s
   Uses
      None
Comment: Default__IRQHandler unused
EADC00_IRQHandler 00000028

Symbol: EADC00_IRQHandler



ARM Macro Assembler    Page 6 Alphabetic symbol ordering
Relocatable symbols

   Definitions
      At line 450 in file ..\..\..\Library\Device\Nuvoton\m460\Source\ARM\start
up_m460.s
   Uses
      At line 112 in file ..\..\..\Library\Device\Nuvoton\m460\Source\ARM\start
up_m460.s
      At line 320 in file ..\..\..\Library\Device\Nuvoton\m460\Source\ARM\start
up_m460.s

EADC01_IRQHandler 00000028

Symbol: EADC01_IRQHandler
   Definitions
      At line 451 in file ..\..\..\Library\Device\Nuvoton\m460\Source\ARM\start
up_m460.s
   Uses
      At line 113 in file ..\..\..\Library\Device\Nuvoton\m460\Source\ARM\start
up_m460.s
      At line 321 in file ..\..\..\Library\Device\Nuvoton\m460\Source\ARM\start
up_m460.s

EADC02_IRQHandler 00000028

Symbol: EADC02_IRQHandler
   Definitions
      At line 454 in file ..\..\..\Library\Device\Nuvoton\m460\Source\ARM\start
up_m460.s
   Uses
      At line 116 in file ..\..\..\Library\Device\Nuvoton\m460\Source\ARM\start
up_m460.s
      At line 324 in file ..\..\..\Library\Device\Nuvoton\m460\Source\ARM\start
up_m460.s

EADC03_IRQHandler 00000028

Symbol: EADC03_IRQHandler
   Definitions
      At line 455 in file ..\..\..\Library\Device\Nuvoton\m460\Source\ARM\start
up_m460.s
   Uses
      At line 117 in file ..\..\..\Library\Device\Nuvoton\m460\Source\ARM\start
up_m460.s
      At line 325 in file ..\..\..\Library\Device\Nuvoton\m460\Source\ARM\start
up_m460.s

EADC10_IRQHandler 00000028

Symbol: EADC10_IRQHandler
   Definitions
      At line 511 in file ..\..\..\Library\Device\Nuvoton\m460\Source\ARM\start
up_m460.s
   Uses
      At line 174 in file ..\..\..\Library\Device\Nuvoton\m460\Source\ARM\start
up_m460.s
      At line 381 in file ..\..\..\Library\Device\Nuvoton\m460\Source\ARM\start
up_m460.s

EADC11_IRQHandler 00000028




ARM Macro Assembler    Page 7 Alphabetic symbol ordering
Relocatable symbols

Symbol: EADC11_IRQHandler
   Definitions
      At line 512 in file ..\..\..\Library\Device\Nuvoton\m460\Source\ARM\start
up_m460.s
   Uses
      At line 175 in file ..\..\..\Library\Device\Nuvoton\m460\Source\ARM\start
up_m460.s
      At line 382 in file ..\..\..\Library\Device\Nuvoton\m460\Source\ARM\start
up_m460.s

EADC12_IRQHandler 00000028

Symbol: EADC12_IRQHandler
   Definitions
      At line 513 in file ..\..\..\Library\Device\Nuvoton\m460\Source\ARM\start
up_m460.s
   Uses
      At line 176 in file ..\..\..\Library\Device\Nuvoton\m460\Source\ARM\start
up_m460.s
      At line 383 in file ..\..\..\Library\Device\Nuvoton\m460\Source\ARM\start
up_m460.s

EADC13_IRQHandler 00000028

Symbol: EADC13_IRQHandler
   Definitions
      At line 514 in file ..\..\..\Library\Device\Nuvoton\m460\Source\ARM\start
up_m460.s
   Uses
      At line 177 in file ..\..\..\Library\Device\Nuvoton\m460\Source\ARM\start
up_m460.s
      At line 384 in file ..\..\..\Library\Device\Nuvoton\m460\Source\ARM\start
up_m460.s

EADC20_IRQHandler 00000028

Symbol: EADC20_IRQHandler
   Definitions
      At line 531 in file ..\..\..\Library\Device\Nuvoton\m460\Source\ARM\start
up_m460.s
   Uses
      At line 194 in file ..\..\..\Library\Device\Nuvoton\m460\Source\ARM\start
up_m460.s
      At line 401 in file ..\..\..\Library\Device\Nuvoton\m460\Source\ARM\start
up_m460.s

EADC21_IRQHandler 00000028

Symbol: EADC21_IRQHandler
   Definitions
      At line 532 in file ..\..\..\Library\Device\Nuvoton\m460\Source\ARM\start
up_m460.s
   Uses
      At line 195 in file ..\..\..\Library\Device\Nuvoton\m460\Source\ARM\start
up_m460.s
      At line 402 in file ..\..\..\Library\Device\Nuvoton\m460\Source\ARM\start
up_m460.s

EADC22_IRQHandler 00000028



ARM Macro Assembler    Page 8 Alphabetic symbol ordering
Relocatable symbols


Symbol: EADC22_IRQHandler
   Definitions
      At line 533 in file ..\..\..\Library\Device\Nuvoton\m460\Source\ARM\start
up_m460.s
   Uses
      At line 196 in file ..\..\..\Library\Device\Nuvoton\m460\Source\ARM\start
up_m460.s
      At line 403 in file ..\..\..\Library\Device\Nuvoton\m460\Source\ARM\start
up_m460.s

EADC23_IRQHandler 00000028

Symbol: EADC23_IRQHandler
   Definitions
      At line 534 in file ..\..\..\Library\Device\Nuvoton\m460\Source\ARM\start
up_m460.s
   Uses
      At line 197 in file ..\..\..\Library\Device\Nuvoton\m460\Source\ARM\start
up_m460.s
      At line 404 in file ..\..\..\Library\Device\Nuvoton\m460\Source\ARM\start
up_m460.s

ECAP0_IRQHandler 00000028

Symbol: ECAP0_IRQHandler
   Definitions
      At line 493 in file ..\..\..\Library\Device\Nuvoton\m460\Source\ARM\start
up_m460.s
   Uses
      At line 156 in file ..\..\..\Library\Device\Nuvoton\m460\Source\ARM\start
up_m460.s
      At line 363 in file ..\..\..\Library\Device\Nuvoton\m460\Source\ARM\start
up_m460.s

ECAP1_IRQHandler 00000028

Symbol: ECAP1_IRQHandler
   Definitions
      At line 494 in file ..\..\..\Library\Device\Nuvoton\m460\Source\ARM\start
up_m460.s
   Uses
      At line 157 in file ..\..\..\Library\Device\Nuvoton\m460\Source\ARM\start
up_m460.s
      At line 364 in file ..\..\..\Library\Device\Nuvoton\m460\Source\ARM\start
up_m460.s

ECAP2_IRQHandler 00000028

Symbol: ECAP2_IRQHandler
   Definitions
      At line 501 in file ..\..\..\Library\Device\Nuvoton\m460\Source\ARM\start
up_m460.s
   Uses
      At line 164 in file ..\..\..\Library\Device\Nuvoton\m460\Source\ARM\start
up_m460.s
      At line 371 in file ..\..\..\Library\Device\Nuvoton\m460\Source\ARM\start
up_m460.s




ARM Macro Assembler    Page 9 Alphabetic symbol ordering
Relocatable symbols

ECAP3_IRQHandler 00000028

Symbol: ECAP3_IRQHandler
   Definitions
      At line 502 in file ..\..\..\Library\Device\Nuvoton\m460\Source\ARM\start
up_m460.s
   Uses
      At line 165 in file ..\..\..\Library\Device\Nuvoton\m460\Source\ARM\start
up_m460.s
      At line 372 in file ..\..\..\Library\Device\Nuvoton\m460\Source\ARM\start
up_m460.s

EHCI_IRQHandler 00000028

Symbol: EHCI_IRQHandler
   Definitions
      At line 499 in file ..\..\..\Library\Device\Nuvoton\m460\Source\ARM\start
up_m460.s
   Uses
      At line 162 in file ..\..\..\Library\Device\Nuvoton\m460\Source\ARM\start
up_m460.s
      At line 369 in file ..\..\..\Library\Device\Nuvoton\m460\Source\ARM\start
up_m460.s

EINT0_IRQHandler 00000028

Symbol: EINT0_IRQHandler
   Definitions
      At line 418 in file ..\..\..\Library\Device\Nuvoton\m460\Source\ARM\start
up_m460.s
   Uses
      At line 80 in file ..\..\..\Library\Device\Nuvoton\m460\Source\ARM\startu
p_m460.s
      At line 288 in file ..\..\..\Library\Device\Nuvoton\m460\Source\ARM\start
up_m460.s

EINT1_IRQHandler 00000028

Symbol: EINT1_IRQHandler
   Definitions
      At line 419 in file ..\..\..\Library\Device\Nuvoton\m460\Source\ARM\start
up_m460.s
   Uses
      At line 81 in file ..\..\..\Library\Device\Nuvoton\m460\Source\ARM\startu
p_m460.s
      At line 289 in file ..\..\..\Library\Device\Nuvoton\m460\Source\ARM\start
up_m460.s

EINT2_IRQHandler 00000028

Symbol: EINT2_IRQHandler
   Definitions
      At line 420 in file ..\..\..\Library\Device\Nuvoton\m460\Source\ARM\start
up_m460.s
   Uses
      At line 82 in file ..\..\..\Library\Device\Nuvoton\m460\Source\ARM\startu
p_m460.s
      At line 290 in file ..\..\..\Library\Device\Nuvoton\m460\Source\ARM\start
up_m460.s



ARM Macro Assembler    Page 10 Alphabetic symbol ordering
Relocatable symbols


EINT3_IRQHandler 00000028

Symbol: EINT3_IRQHandler
   Definitions
      At line 421 in file ..\..\..\Library\Device\Nuvoton\m460\Source\ARM\start
up_m460.s
   Uses
      At line 83 in file ..\..\..\Library\Device\Nuvoton\m460\Source\ARM\startu
p_m460.s
      At line 291 in file ..\..\..\Library\Device\Nuvoton\m460\Source\ARM\start
up_m460.s

EINT4_IRQHandler 00000028

Symbol: EINT4_IRQHandler
   Definitions
      At line 422 in file ..\..\..\Library\Device\Nuvoton\m460\Source\ARM\start
up_m460.s
   Uses
      At line 84 in file ..\..\..\Library\Device\Nuvoton\m460\Source\ARM\startu
p_m460.s
      At line 292 in file ..\..\..\Library\Device\Nuvoton\m460\Source\ARM\start
up_m460.s

EINT5_IRQHandler 00000028

Symbol: EINT5_IRQHandler
   Definitions
      At line 423 in file ..\..\..\Library\Device\Nuvoton\m460\Source\ARM\start
up_m460.s
   Uses
      At line 85 in file ..\..\..\Library\Device\Nuvoton\m460\Source\ARM\startu
p_m460.s
      At line 293 in file ..\..\..\Library\Device\Nuvoton\m460\Source\ARM\start
up_m460.s

EINT6_IRQHandler 00000028

Symbol: EINT6_IRQHandler
   Definitions
      At line 480 in file ..\..\..\Library\Device\Nuvoton\m460\Source\ARM\start
up_m460.s
   Uses
      At line 143 in file ..\..\..\Library\Device\Nuvoton\m460\Source\ARM\start
up_m460.s
      At line 350 in file ..\..\..\Library\Device\Nuvoton\m460\Source\ARM\start
up_m460.s

EINT7_IRQHandler 00000028

Symbol: EINT7_IRQHandler
   Definitions
      At line 496 in file ..\..\..\Library\Device\Nuvoton\m460\Source\ARM\start
up_m460.s
   Uses
      At line 159 in file ..\..\..\Library\Device\Nuvoton\m460\Source\ARM\start
up_m460.s
      At line 366 in file ..\..\..\Library\Device\Nuvoton\m460\Source\ARM\start



ARM Macro Assembler    Page 11 Alphabetic symbol ordering
Relocatable symbols

up_m460.s

EMAC0_IRQHandler 00000028

Symbol: EMAC0_IRQHandler
   Definitions
      At line 474 in file ..\..\..\Library\Device\Nuvoton\m460\Source\ARM\start
up_m460.s
   Uses
      At line 136 in file ..\..\..\Library\Device\Nuvoton\m460\Source\ARM\start
up_m460.s
      At line 344 in file ..\..\..\Library\Device\Nuvoton\m460\Source\ARM\start
up_m460.s

EPWM0P0_IRQHandler 00000028

Symbol: EPWM0P0_IRQHandler
   Definitions
      At line 433 in file ..\..\..\Library\Device\Nuvoton\m460\Source\ARM\start
up_m460.s
   Uses
      At line 95 in file ..\..\..\Library\Device\Nuvoton\m460\Source\ARM\startu
p_m460.s
      At line 303 in file ..\..\..\Library\Device\Nuvoton\m460\Source\ARM\start
up_m460.s

EPWM0P1_IRQHandler 00000028

Symbol: EPWM0P1_IRQHandler
   Definitions
      At line 434 in file ..\..\..\Library\Device\Nuvoton\m460\Source\ARM\start
up_m460.s
   Uses
      At line 96 in file ..\..\..\Library\Device\Nuvoton\m460\Source\ARM\startu
p_m460.s
      At line 304 in file ..\..\..\Library\Device\Nuvoton\m460\Source\ARM\start
up_m460.s

EPWM0P2_IRQHandler 00000028

Symbol: EPWM0P2_IRQHandler
   Definitions
      At line 435 in file ..\..\..\Library\Device\Nuvoton\m460\Source\ARM\start
up_m460.s
   Uses
      At line 97 in file ..\..\..\Library\Device\Nuvoton\m460\Source\ARM\startu
p_m460.s
      At line 305 in file ..\..\..\Library\Device\Nuvoton\m460\Source\ARM\start
up_m460.s

EPWM1P0_IRQHandler 00000028

Symbol: EPWM1P0_IRQHandler
   Definitions
      At line 437 in file ..\..\..\Library\Device\Nuvoton\m460\Source\ARM\start
up_m460.s
   Uses
      At line 99 in file ..\..\..\Library\Device\Nuvoton\m460\Source\ARM\startu
p_m460.s



ARM Macro Assembler    Page 12 Alphabetic symbol ordering
Relocatable symbols

      At line 307 in file ..\..\..\Library\Device\Nuvoton\m460\Source\ARM\start
up_m460.s

EPWM1P1_IRQHandler 00000028

Symbol: EPWM1P1_IRQHandler
   Definitions
      At line 438 in file ..\..\..\Library\Device\Nuvoton\m460\Source\ARM\start
up_m460.s
   Uses
      At line 100 in file ..\..\..\Library\Device\Nuvoton\m460\Source\ARM\start
up_m460.s
      At line 308 in file ..\..\..\Library\Device\Nuvoton\m460\Source\ARM\start
up_m460.s

EPWM1P2_IRQHandler 00000028

Symbol: EPWM1P2_IRQHandler
   Definitions
      At line 439 in file ..\..\..\Library\Device\Nuvoton\m460\Source\ARM\start
up_m460.s
   Uses
      At line 101 in file ..\..\..\Library\Device\Nuvoton\m460\Source\ARM\start
up_m460.s
      At line 309 in file ..\..\..\Library\Device\Nuvoton\m460\Source\ARM\start
up_m460.s

EQEI0_IRQHandler 00000028

Symbol: EQEI0_IRQHandler
   Definitions
      At line 491 in file ..\..\..\Library\Device\Nuvoton\m460\Source\ARM\start
up_m460.s
   Uses
      At line 154 in file ..\..\..\Library\Device\Nuvoton\m460\Source\ARM\start
up_m460.s
      At line 361 in file ..\..\..\Library\Device\Nuvoton\m460\Source\ARM\start
up_m460.s

EQEI1_IRQHandler 00000028

Symbol: EQEI1_IRQHandler
   Definitions
      At line 492 in file ..\..\..\Library\Device\Nuvoton\m460\Source\ARM\start
up_m460.s
   Uses
      At line 155 in file ..\..\..\Library\Device\Nuvoton\m460\Source\ARM\start
up_m460.s
      At line 362 in file ..\..\..\Library\Device\Nuvoton\m460\Source\ARM\start
up_m460.s

EQEI2_IRQHandler 00000028

Symbol: EQEI2_IRQHandler
   Definitions
      At line 523 in file ..\..\..\Library\Device\Nuvoton\m460\Source\ARM\start
up_m460.s
   Uses
      At line 186 in file ..\..\..\Library\Device\Nuvoton\m460\Source\ARM\start



ARM Macro Assembler    Page 13 Alphabetic symbol ordering
Relocatable symbols

up_m460.s
      At line 393 in file ..\..\..\Library\Device\Nuvoton\m460\Source\ARM\start
up_m460.s

EQEI3_IRQHandler 00000028

Symbol: EQEI3_IRQHandler
   Definitions
      At line 524 in file ..\..\..\Library\Device\Nuvoton\m460\Source\ARM\start
up_m460.s
   Uses
      At line 187 in file ..\..\..\Library\Device\Nuvoton\m460\Source\ARM\start
up_m460.s
      At line 394 in file ..\..\..\Library\Device\Nuvoton\m460\Source\ARM\start
up_m460.s

GPA_IRQHandler 00000028

Symbol: GPA_IRQHandler
   Definitions
      At line 424 in file ..\..\..\Library\Device\Nuvoton\m460\Source\ARM\start
up_m460.s
   Uses
      At line 86 in file ..\..\..\Library\Device\Nuvoton\m460\Source\ARM\startu
p_m460.s
      At line 294 in file ..\..\..\Library\Device\Nuvoton\m460\Source\ARM\start
up_m460.s

GPB_IRQHandler 00000028

Symbol: GPB_IRQHandler
   Definitions
      At line 425 in file ..\..\..\Library\Device\Nuvoton\m460\Source\ARM\start
up_m460.s
   Uses
      At line 87 in file ..\..\..\Library\Device\Nuvoton\m460\Source\ARM\startu
p_m460.s
      At line 295 in file ..\..\..\Library\Device\Nuvoton\m460\Source\ARM\start
up_m460.s

GPC_IRQHandler 00000028

Symbol: GPC_IRQHandler
   Definitions
      At line 426 in file ..\..\..\Library\Device\Nuvoton\m460\Source\ARM\start
up_m460.s
   Uses
      At line 88 in file ..\..\..\Library\Device\Nuvoton\m460\Source\ARM\startu
p_m460.s
      At line 296 in file ..\..\..\Library\Device\Nuvoton\m460\Source\ARM\start
up_m460.s

GPD_IRQHandler 00000028

Symbol: GPD_IRQHandler
   Definitions
      At line 427 in file ..\..\..\Library\Device\Nuvoton\m460\Source\ARM\start
up_m460.s
   Uses



ARM Macro Assembler    Page 14 Alphabetic symbol ordering
Relocatable symbols

      At line 89 in file ..\..\..\Library\Device\Nuvoton\m460\Source\ARM\startu
p_m460.s
      At line 297 in file ..\..\..\Library\Device\Nuvoton\m460\Source\ARM\start
up_m460.s

GPE_IRQHandler 00000028

Symbol: GPE_IRQHandler
   Definitions
      At line 428 in file ..\..\..\Library\Device\Nuvoton\m460\Source\ARM\start
up_m460.s
   Uses
      At line 90 in file ..\..\..\Library\Device\Nuvoton\m460\Source\ARM\startu
p_m460.s
      At line 298 in file ..\..\..\Library\Device\Nuvoton\m460\Source\ARM\start
up_m460.s

GPF_IRQHandler 00000028

Symbol: GPF_IRQHandler
   Definitions
      At line 429 in file ..\..\..\Library\Device\Nuvoton\m460\Source\ARM\start
up_m460.s
   Uses
      At line 91 in file ..\..\..\Library\Device\Nuvoton\m460\Source\ARM\startu
p_m460.s
      At line 299 in file ..\..\..\Library\Device\Nuvoton\m460\Source\ARM\start
up_m460.s

GPG_IRQHandler 00000028

Symbol: GPG_IRQHandler
   Definitions
      At line 479 in file ..\..\..\Library\Device\Nuvoton\m460\Source\ARM\start
up_m460.s
   Uses
      At line 142 in file ..\..\..\Library\Device\Nuvoton\m460\Source\ARM\start
up_m460.s
      At line 349 in file ..\..\..\Library\Device\Nuvoton\m460\Source\ARM\start
up_m460.s

GPH_IRQHandler 00000028

Symbol: GPH_IRQHandler
   Definitions
      At line 495 in file ..\..\..\Library\Device\Nuvoton\m460\Source\ARM\start
up_m460.s
   Uses
      At line 158 in file ..\..\..\Library\Device\Nuvoton\m460\Source\ARM\start
up_m460.s
      At line 365 in file ..\..\..\Library\Device\Nuvoton\m460\Source\ARM\start
up_m460.s

GPI_IRQHandler 00000028

Symbol: GPI_IRQHandler
   Definitions
      At line 517 in file ..\..\..\Library\Device\Nuvoton\m460\Source\ARM\start
up_m460.s



ARM Macro Assembler    Page 15 Alphabetic symbol ordering
Relocatable symbols

   Uses
      At line 180 in file ..\..\..\Library\Device\Nuvoton\m460\Source\ARM\start
up_m460.s
      At line 387 in file ..\..\..\Library\Device\Nuvoton\m460\Source\ARM\start
up_m460.s

GPJ_IRQHandler 00000028

Symbol: GPJ_IRQHandler
   Definitions
      At line 469 in file ..\..\..\Library\Device\Nuvoton\m460\Source\ARM\start
up_m460.s
   Uses
      At line 131 in file ..\..\..\Library\Device\Nuvoton\m460\Source\ARM\start
up_m460.s
      At line 339 in file ..\..\..\Library\Device\Nuvoton\m460\Source\ARM\start
up_m460.s

HBI_IRQHandler 00000028

Symbol: HBI_IRQHandler
   Definitions
      At line 504 in file ..\..\..\Library\Device\Nuvoton\m460\Source\ARM\start
up_m460.s
   Uses
      At line 167 in file ..\..\..\Library\Device\Nuvoton\m460\Source\ARM\start
up_m460.s
      At line 374 in file ..\..\..\Library\Device\Nuvoton\m460\Source\ARM\start
up_m460.s

HardFault_Handler 0000000A

Symbol: HardFault_Handler
   Definitions
      At line 230 in file ..\..\..\Library\Device\Nuvoton\m460\Source\ARM\start
up_m460.s
   Uses
      At line 55 in file ..\..\..\Library\Device\Nuvoton\m460\Source\ARM\startu
p_m460.s
      At line 232 in file ..\..\..\Library\Device\Nuvoton\m460\Source\ARM\start
up_m460.s

I2C0_IRQHandler 00000028

Symbol: I2C0_IRQHandler
   Definitions
      At line 446 in file ..\..\..\Library\Device\Nuvoton\m460\Source\ARM\start
up_m460.s
   Uses
      At line 108 in file ..\..\..\Library\Device\Nuvoton\m460\Source\ARM\start
up_m460.s
      At line 316 in file ..\..\..\Library\Device\Nuvoton\m460\Source\ARM\start
up_m460.s

I2C1_IRQHandler 00000028

Symbol: I2C1_IRQHandler
   Definitions
      At line 447 in file ..\..\..\Library\Device\Nuvoton\m460\Source\ARM\start



ARM Macro Assembler    Page 16 Alphabetic symbol ordering
Relocatable symbols

up_m460.s
   Uses
      At line 109 in file ..\..\..\Library\Device\Nuvoton\m460\Source\ARM\start
up_m460.s
      At line 317 in file ..\..\..\Library\Device\Nuvoton\m460\Source\ARM\start
up_m460.s

I2C2_IRQHandler 00000028

Symbol: I2C2_IRQHandler
   Definitions
      At line 489 in file ..\..\..\Library\Device\Nuvoton\m460\Source\ARM\start
up_m460.s
   Uses
      At line 152 in file ..\..\..\Library\Device\Nuvoton\m460\Source\ARM\start
up_m460.s
      At line 359 in file ..\..\..\Library\Device\Nuvoton\m460\Source\ARM\start
up_m460.s

I2C3_IRQHandler 00000028

Symbol: I2C3_IRQHandler
   Definitions
      At line 490 in file ..\..\..\Library\Device\Nuvoton\m460\Source\ARM\start
up_m460.s
   Uses
      At line 153 in file ..\..\..\Library\Device\Nuvoton\m460\Source\ARM\start
up_m460.s
      At line 360 in file ..\..\..\Library\Device\Nuvoton\m460\Source\ARM\start
up_m460.s

I2C4_IRQHandler 00000028

Symbol: I2C4_IRQHandler
   Definitions
      At line 525 in file ..\..\..\Library\Device\Nuvoton\m460\Source\ARM\start
up_m460.s
   Uses
      At line 188 in file ..\..\..\Library\Device\Nuvoton\m460\Source\ARM\start
up_m460.s
      At line 395 in file ..\..\..\Library\Device\Nuvoton\m460\Source\ARM\start
up_m460.s

I2S0_IRQHandler 00000028

Symbol: I2S0_IRQHandler
   Definitions
      At line 475 in file ..\..\..\Library\Device\Nuvoton\m460\Source\ARM\start
up_m460.s
   Uses
      At line 138 in file ..\..\..\Library\Device\Nuvoton\m460\Source\ARM\start
up_m460.s
      At line 345 in file ..\..\..\Library\Device\Nuvoton\m460\Source\ARM\start
up_m460.s

I2S1_IRQHandler 00000028

Symbol: I2S1_IRQHandler
   Definitions



ARM Macro Assembler    Page 17 Alphabetic symbol ordering
Relocatable symbols

      At line 476 in file ..\..\..\Library\Device\Nuvoton\m460\Source\ARM\start
up_m460.s
   Uses
      At line 139 in file ..\..\..\Library\Device\Nuvoton\m460\Source\ARM\start
up_m460.s
      At line 346 in file ..\..\..\Library\Device\Nuvoton\m460\Source\ARM\start
up_m460.s

IRC_IRQHandler 00000028

Symbol: IRC_IRQHandler
   Definitions
      At line 409 in file ..\..\..\Library\Device\Nuvoton\m460\Source\ARM\start
up_m460.s
   Uses
      At line 71 in file ..\..\..\Library\Device\Nuvoton\m460\Source\ARM\startu
p_m460.s
      At line 279 in file ..\..\..\Library\Device\Nuvoton\m460\Source\ARM\start
up_m460.s

ISP_IRQHandler 00000028

Symbol: ISP_IRQHandler
   Definitions
      At line 413 in file ..\..\..\Library\Device\Nuvoton\m460\Source\ARM\start
up_m460.s
   Uses
      At line 75 in file ..\..\..\Library\Device\Nuvoton\m460\Source\ARM\startu
p_m460.s
      At line 283 in file ..\..\..\Library\Device\Nuvoton\m460\Source\ARM\start
up_m460.s

KPI_IRQHandler 00000028

Symbol: KPI_IRQHandler
   Definitions
      At line 503 in file ..\..\..\Library\Device\Nuvoton\m460\Source\ARM\start
up_m460.s
   Uses
      At line 166 in file ..\..\..\Library\Device\Nuvoton\m460\Source\ARM\start
up_m460.s
      At line 373 in file ..\..\..\Library\Device\Nuvoton\m460\Source\ARM\start
up_m460.s

KS_IRQHandler 00000028

Symbol: KS_IRQHandler
   Definitions
      At line 516 in file ..\..\..\Library\Device\Nuvoton\m460\Source\ARM\start
up_m460.s
   Uses
      At line 179 in file ..\..\..\Library\Device\Nuvoton\m460\Source\ARM\start
up_m460.s
      At line 386 in file ..\..\..\Library\Device\Nuvoton\m460\Source\ARM\start
up_m460.s

MemManage_Handler 0000001A

Symbol: MemManage_Handler



ARM Macro Assembler    Page 18 Alphabetic symbol ordering
Relocatable symbols

   Definitions
      At line 242 in file ..\..\..\Library\Device\Nuvoton\m460\Source\ARM\start
up_m460.s
   Uses
      At line 56 in file ..\..\..\Library\Device\Nuvoton\m460\Source\ARM\startu
p_m460.s
      At line 243 in file ..\..\..\Library\Device\Nuvoton\m460\Source\ARM\start
up_m460.s

NMI_Handler 00000008

Symbol: NMI_Handler
   Definitions
      At line 225 in file ..\..\..\Library\Device\Nuvoton\m460\Source\ARM\start
up_m460.s
   Uses
      At line 54 in file ..\..\..\Library\Device\Nuvoton\m460\Source\ARM\startu
p_m460.s
      At line 226 in file ..\..\..\Library\Device\Nuvoton\m460\Source\ARM\start
up_m460.s

OHCI_IRQHandler 00000028

Symbol: OHCI_IRQHandler
   Definitions
      At line 462 in file ..\..\..\Library\Device\Nuvoton\m460\Source\ARM\start
up_m460.s
   Uses
      At line 124 in file ..\..\..\Library\Device\Nuvoton\m460\Source\ARM\start
up_m460.s
      At line 332 in file ..\..\..\Library\Device\Nuvoton\m460\Source\ARM\start
up_m460.s

PDMA0_IRQHandler 00000028

Symbol: PDMA0_IRQHandler
   Definitions
      At line 448 in file ..\..\..\Library\Device\Nuvoton\m460\Source\ARM\start
up_m460.s
   Uses
      At line 110 in file ..\..\..\Library\Device\Nuvoton\m460\Source\ARM\start
up_m460.s
      At line 318 in file ..\..\..\Library\Device\Nuvoton\m460\Source\ARM\start
up_m460.s

PDMA1_IRQHandler 00000028

Symbol: PDMA1_IRQHandler
   Definitions
      At line 505 in file ..\..\..\Library\Device\Nuvoton\m460\Source\ARM\start
up_m460.s
   Uses
      At line 168 in file ..\..\..\Library\Device\Nuvoton\m460\Source\ARM\start
up_m460.s
      At line 375 in file ..\..\..\Library\Device\Nuvoton\m460\Source\ARM\start
up_m460.s

PSIO_IRQHandler 00000028




ARM Macro Assembler    Page 19 Alphabetic symbol ordering
Relocatable symbols

Symbol: PSIO_IRQHandler
   Definitions
      At line 498 in file ..\..\..\Library\Device\Nuvoton\m460\Source\ARM\start
up_m460.s
   Uses
      At line 161 in file ..\..\..\Library\Device\Nuvoton\m460\Source\ARM\start
up_m460.s
      At line 368 in file ..\..\..\Library\Device\Nuvoton\m460\Source\ARM\start
up_m460.s

PWRWU_IRQHandler 00000028

Symbol: PWRWU_IRQHandler
   Definitions
      At line 410 in file ..\..\..\Library\Device\Nuvoton\m460\Source\ARM\start
up_m460.s
   Uses
      At line 72 in file ..\..\..\Library\Device\Nuvoton\m460\Source\ARM\startu
p_m460.s
      At line 280 in file ..\..\..\Library\Device\Nuvoton\m460\Source\ARM\start
up_m460.s

PendSV_Handler 00000024

Symbol: PendSV_Handler
   Definitions
      At line 266 in file ..\..\..\Library\Device\Nuvoton\m460\Source\ARM\start
up_m460.s
   Uses
      At line 66 in file ..\..\..\Library\Device\Nuvoton\m460\Source\ARM\startu
p_m460.s
      At line 267 in file ..\..\..\Library\Device\Nuvoton\m460\Source\ARM\start
up_m460.s

QSPI0_IRQHandler 00000028

Symbol: QSPI0_IRQHandler
   Definitions
      At line 430 in file ..\..\..\Library\Device\Nuvoton\m460\Source\ARM\start
up_m460.s
   Uses
      At line 92 in file ..\..\..\Library\Device\Nuvoton\m460\Source\ARM\startu
p_m460.s
      At line 300 in file ..\..\..\Library\Device\Nuvoton\m460\Source\ARM\start
up_m460.s

QSPI1_IRQHandler 00000028

Symbol: QSPI1_IRQHandler
   Definitions
      At line 458 in file ..\..\..\Library\Device\Nuvoton\m460\Source\ARM\start
up_m460.s
   Uses
      At line 120 in file ..\..\..\Library\Device\Nuvoton\m460\Source\ARM\start
up_m460.s
      At line 328 in file ..\..\..\Library\Device\Nuvoton\m460\Source\ARM\start
up_m460.s

RAMPE_IRQHandler 00000028



ARM Macro Assembler    Page 20 Alphabetic symbol ordering
Relocatable symbols


Symbol: RAMPE_IRQHandler
   Definitions
      At line 411 in file ..\..\..\Library\Device\Nuvoton\m460\Source\ARM\start
up_m460.s
   Uses
      At line 73 in file ..\..\..\Library\Device\Nuvoton\m460\Source\ARM\startu
p_m460.s
      At line 281 in file ..\..\..\Library\Device\Nuvoton\m460\Source\ARM\start
up_m460.s

RTC_IRQHandler 00000028

Symbol: RTC_IRQHandler
   Definitions
      At line 414 in file ..\..\..\Library\Device\Nuvoton\m460\Source\ARM\start
up_m460.s
   Uses
      At line 76 in file ..\..\..\Library\Device\Nuvoton\m460\Source\ARM\startu
p_m460.s
      At line 284 in file ..\..\..\Library\Device\Nuvoton\m460\Source\ARM\start
up_m460.s

Reset_Handler 00000000

Symbol: Reset_Handler
   Definitions
      At line 209 in file ..\..\..\Library\Device\Nuvoton\m460\Source\ARM\start
up_m460.s
   Uses
      At line 53 in file ..\..\..\Library\Device\Nuvoton\m460\Source\ARM\startu
p_m460.s
      At line 210 in file ..\..\..\Library\Device\Nuvoton\m460\Source\ARM\start
up_m460.s

SC0_IRQHandler 00000028

Symbol: SC0_IRQHandler
   Definitions
      At line 466 in file ..\..\..\Library\Device\Nuvoton\m460\Source\ARM\start
up_m460.s
   Uses
      At line 128 in file ..\..\..\Library\Device\Nuvoton\m460\Source\ARM\start
up_m460.s
      At line 336 in file ..\..\..\Library\Device\Nuvoton\m460\Source\ARM\start
up_m460.s

SC1_IRQHandler 00000028

Symbol: SC1_IRQHandler
   Definitions
      At line 467 in file ..\..\..\Library\Device\Nuvoton\m460\Source\ARM\start
up_m460.s
   Uses
      At line 129 in file ..\..\..\Library\Device\Nuvoton\m460\Source\ARM\start
up_m460.s
      At line 337 in file ..\..\..\Library\Device\Nuvoton\m460\Source\ARM\start
up_m460.s




ARM Macro Assembler    Page 21 Alphabetic symbol ordering
Relocatable symbols

SC2_IRQHandler 00000028

Symbol: SC2_IRQHandler
   Definitions
      At line 468 in file ..\..\..\Library\Device\Nuvoton\m460\Source\ARM\start
up_m460.s
   Uses
      At line 130 in file ..\..\..\Library\Device\Nuvoton\m460\Source\ARM\start
up_m460.s
      At line 338 in file ..\..\..\Library\Device\Nuvoton\m460\Source\ARM\start
up_m460.s

SDH0_IRQHandler 00000028

Symbol: SDH0_IRQHandler
   Definitions
      At line 472 in file ..\..\..\Library\Device\Nuvoton\m460\Source\ARM\start
up_m460.s
   Uses
      At line 134 in file ..\..\..\Library\Device\Nuvoton\m460\Source\ARM\start
up_m460.s
      At line 342 in file ..\..\..\Library\Device\Nuvoton\m460\Source\ARM\start
up_m460.s

SDH1_IRQHandler 00000028

Symbol: SDH1_IRQHandler
   Definitions
      At line 497 in file ..\..\..\Library\Device\Nuvoton\m460\Source\ARM\start
up_m460.s
   Uses
      At line 160 in file ..\..\..\Library\Device\Nuvoton\m460\Source\ARM\start
up_m460.s
      At line 367 in file ..\..\..\Library\Device\Nuvoton\m460\Source\ARM\start
up_m460.s

SPI0_IRQHandler 00000028

Symbol: SPI0_IRQHandler
   Definitions
      At line 431 in file ..\..\..\Library\Device\Nuvoton\m460\Source\ARM\start
up_m460.s
   Uses
      At line 93 in file ..\..\..\Library\Device\Nuvoton\m460\Source\ARM\startu
p_m460.s
      At line 301 in file ..\..\..\Library\Device\Nuvoton\m460\Source\ARM\start
up_m460.s

SPI10_IRQHandler 00000028

Symbol: SPI10_IRQHandler
   Definitions
      At line 526 in file ..\..\..\Library\Device\Nuvoton\m460\Source\ARM\start
up_m460.s
   Uses
      At line 189 in file ..\..\..\Library\Device\Nuvoton\m460\Source\ARM\start
up_m460.s
      At line 396 in file ..\..\..\Library\Device\Nuvoton\m460\Source\ARM\start
up_m460.s



ARM Macro Assembler    Page 22 Alphabetic symbol ordering
Relocatable symbols


SPI1_IRQHandler 00000028

Symbol: SPI1_IRQHandler
   Definitions
      At line 459 in file ..\..\..\Library\Device\Nuvoton\m460\Source\ARM\start
up_m460.s
   Uses
      At line 121 in file ..\..\..\Library\Device\Nuvoton\m460\Source\ARM\start
up_m460.s
      At line 329 in file ..\..\..\Library\Device\Nuvoton\m460\Source\ARM\start
up_m460.s

SPI2_IRQHandler 00000028

Symbol: SPI2_IRQHandler
   Definitions
      At line 460 in file ..\..\..\Library\Device\Nuvoton\m460\Source\ARM\start
up_m460.s
   Uses
      At line 122 in file ..\..\..\Library\Device\Nuvoton\m460\Source\ARM\start
up_m460.s
      At line 330 in file ..\..\..\Library\Device\Nuvoton\m460\Source\ARM\start
up_m460.s

SPI3_IRQHandler 00000028

Symbol: SPI3_IRQHandler
   Definitions
      At line 470 in file ..\..\..\Library\Device\Nuvoton\m460\Source\ARM\start
up_m460.s
   Uses
      At line 132 in file ..\..\..\Library\Device\Nuvoton\m460\Source\ARM\start
up_m460.s
      At line 340 in file ..\..\..\Library\Device\Nuvoton\m460\Source\ARM\start
up_m460.s

SPI4_IRQHandler 00000028

Symbol: SPI4_IRQHandler
   Definitions
      At line 471 in file ..\..\..\Library\Device\Nuvoton\m460\Source\ARM\start
up_m460.s
   Uses
      At line 133 in file ..\..\..\Library\Device\Nuvoton\m460\Source\ARM\start
up_m460.s
      At line 341 in file ..\..\..\Library\Device\Nuvoton\m460\Source\ARM\start
up_m460.s

SPI5_IRQHandler 00000028

Symbol: SPI5_IRQHandler
   Definitions
      At line 465 in file ..\..\..\Library\Device\Nuvoton\m460\Source\ARM\start
up_m460.s
   Uses
      At line 127 in file ..\..\..\Library\Device\Nuvoton\m460\Source\ARM\start
up_m460.s
      At line 335 in file ..\..\..\Library\Device\Nuvoton\m460\Source\ARM\start



ARM Macro Assembler    Page 23 Alphabetic symbol ordering
Relocatable symbols

up_m460.s

SPI6_IRQHandler 00000028

Symbol: SPI6_IRQHandler
   Definitions
      At line 477 in file ..\..\..\Library\Device\Nuvoton\m460\Source\ARM\start
up_m460.s
   Uses
      At line 140 in file ..\..\..\Library\Device\Nuvoton\m460\Source\ARM\start
up_m460.s
      At line 347 in file ..\..\..\Library\Device\Nuvoton\m460\Source\ARM\start
up_m460.s

SPI7_IRQHandler 00000028

Symbol: SPI7_IRQHandler
   Definitions
      At line 484 in file ..\..\..\Library\Device\Nuvoton\m460\Source\ARM\start
up_m460.s
   Uses
      At line 147 in file ..\..\..\Library\Device\Nuvoton\m460\Source\ARM\start
up_m460.s
      At line 354 in file ..\..\..\Library\Device\Nuvoton\m460\Source\ARM\start
up_m460.s

SPI8_IRQHandler 00000028

Symbol: SPI8_IRQHandler
   Definitions
      At line 515 in file ..\..\..\Library\Device\Nuvoton\m460\Source\ARM\start
up_m460.s
   Uses
      At line 178 in file ..\..\..\Library\Device\Nuvoton\m460\Source\ARM\start
up_m460.s
      At line 385 in file ..\..\..\Library\Device\Nuvoton\m460\Source\ARM\start
up_m460.s

SPI9_IRQHandler 00000028

Symbol: SPI9_IRQHandler
   Definitions
      At line 518 in file ..\..\..\Library\Device\Nuvoton\m460\Source\ARM\start
up_m460.s
   Uses
      At line 181 in file ..\..\..\Library\Device\Nuvoton\m460\Source\ARM\start
up_m460.s
      At line 388 in file ..\..\..\Library\Device\Nuvoton\m460\Source\ARM\start
up_m460.s

SPIM_IRQHandler 00000028

Symbol: SPIM_IRQHandler
   Definitions
      At line 487 in file ..\..\..\Library\Device\Nuvoton\m460\Source\ARM\start
up_m460.s
   Uses
      At line 150 in file ..\..\..\Library\Device\Nuvoton\m460\Source\ARM\start
up_m460.s



ARM Macro Assembler    Page 24 Alphabetic symbol ordering
Relocatable symbols

      At line 357 in file ..\..\..\Library\Device\Nuvoton\m460\Source\ARM\start
up_m460.s

SVC_Handler 00000020

Symbol: SVC_Handler
   Definitions
      At line 256 in file ..\..\..\Library\Device\Nuvoton\m460\Source\ARM\start
up_m460.s
   Uses
      At line 63 in file ..\..\..\Library\Device\Nuvoton\m460\Source\ARM\startu
p_m460.s
      At line 257 in file ..\..\..\Library\Device\Nuvoton\m460\Source\ARM\start
up_m460.s

SysTick_Handler 00000026

Symbol: SysTick_Handler
   Definitions
      At line 271 in file ..\..\..\Library\Device\Nuvoton\m460\Source\ARM\start
up_m460.s
   Uses
      At line 67 in file ..\..\..\Library\Device\Nuvoton\m460\Source\ARM\startu
p_m460.s
      At line 272 in file ..\..\..\Library\Device\Nuvoton\m460\Source\ARM\start
up_m460.s

TAMPER_IRQHandler 00000028

Symbol: TAMPER_IRQHandler
   Definitions
      At line 415 in file ..\..\..\Library\Device\Nuvoton\m460\Source\ARM\start
up_m460.s
   Uses
      At line 77 in file ..\..\..\Library\Device\Nuvoton\m460\Source\ARM\startu
p_m460.s
      At line 285 in file ..\..\..\Library\Device\Nuvoton\m460\Source\ARM\start
up_m460.s

TMR0_IRQHandler 00000028

Symbol: TMR0_IRQHandler
   Definitions
      At line 440 in file ..\..\..\Library\Device\Nuvoton\m460\Source\ARM\start
up_m460.s
   Uses
      At line 102 in file ..\..\..\Library\Device\Nuvoton\m460\Source\ARM\start
up_m460.s
      At line 310 in file ..\..\..\Library\Device\Nuvoton\m460\Source\ARM\start
up_m460.s

TMR1_IRQHandler 00000028

Symbol: TMR1_IRQHandler
   Definitions
      At line 441 in file ..\..\..\Library\Device\Nuvoton\m460\Source\ARM\start
up_m460.s
   Uses
      At line 103 in file ..\..\..\Library\Device\Nuvoton\m460\Source\ARM\start



ARM Macro Assembler    Page 25 Alphabetic symbol ordering
Relocatable symbols

up_m460.s
      At line 311 in file ..\..\..\Library\Device\Nuvoton\m460\Source\ARM\start
up_m460.s

TMR2_IRQHandler 00000028

Symbol: TMR2_IRQHandler
   Definitions
      At line 442 in file ..\..\..\Library\Device\Nuvoton\m460\Source\ARM\start
up_m460.s
   Uses
      At line 104 in file ..\..\..\Library\Device\Nuvoton\m460\Source\ARM\start
up_m460.s
      At line 312 in file ..\..\..\Library\Device\Nuvoton\m460\Source\ARM\start
up_m460.s

TMR3_IRQHandler 00000028

Symbol: TMR3_IRQHandler
   Definitions
      At line 443 in file ..\..\..\Library\Device\Nuvoton\m460\Source\ARM\start
up_m460.s
   Uses
      At line 105 in file ..\..\..\Library\Device\Nuvoton\m460\Source\ARM\start
up_m460.s
      At line 313 in file ..\..\..\Library\Device\Nuvoton\m460\Source\ARM\start
up_m460.s

TRNG_IRQHandler 00000028

Symbol: TRNG_IRQHandler
   Definitions
      At line 508 in file ..\..\..\Library\Device\Nuvoton\m460\Source\ARM\start
up_m460.s
   Uses
      At line 171 in file ..\..\..\Library\Device\Nuvoton\m460\Source\ARM\start
up_m460.s
      At line 378 in file ..\..\..\Library\Device\Nuvoton\m460\Source\ARM\start
up_m460.s

UART0_IRQHandler 00000028

Symbol: UART0_IRQHandler
   Definitions
      At line 444 in file ..\..\..\Library\Device\Nuvoton\m460\Source\ARM\start
up_m460.s
   Uses
      At line 106 in file ..\..\..\Library\Device\Nuvoton\m460\Source\ARM\start
up_m460.s
      At line 314 in file ..\..\..\Library\Device\Nuvoton\m460\Source\ARM\start
up_m460.s

UART1_IRQHandler 00000028

Symbol: UART1_IRQHandler
   Definitions
      At line 445 in file ..\..\..\Library\Device\Nuvoton\m460\Source\ARM\start
up_m460.s
   Uses



ARM Macro Assembler    Page 26 Alphabetic symbol ordering
Relocatable symbols

      At line 107 in file ..\..\..\Library\Device\Nuvoton\m460\Source\ARM\start
up_m460.s
      At line 315 in file ..\..\..\Library\Device\Nuvoton\m460\Source\ARM\start
up_m460.s

UART2_IRQHandler 00000028

Symbol: UART2_IRQHandler
   Definitions
      At line 456 in file ..\..\..\Library\Device\Nuvoton\m460\Source\ARM\start
up_m460.s
   Uses
      At line 118 in file ..\..\..\Library\Device\Nuvoton\m460\Source\ARM\start
up_m460.s
      At line 326 in file ..\..\..\Library\Device\Nuvoton\m460\Source\ARM\start
up_m460.s

UART3_IRQHandler 00000028

Symbol: UART3_IRQHandler
   Definitions
      At line 457 in file ..\..\..\Library\Device\Nuvoton\m460\Source\ARM\start
up_m460.s
   Uses
      At line 119 in file ..\..\..\Library\Device\Nuvoton\m460\Source\ARM\start
up_m460.s
      At line 327 in file ..\..\..\Library\Device\Nuvoton\m460\Source\ARM\start
up_m460.s

UART4_IRQHandler 00000028

Symbol: UART4_IRQHandler
   Definitions
      At line 481 in file ..\..\..\Library\Device\Nuvoton\m460\Source\ARM\start
up_m460.s
   Uses
      At line 144 in file ..\..\..\Library\Device\Nuvoton\m460\Source\ARM\start
up_m460.s
      At line 351 in file ..\..\..\Library\Device\Nuvoton\m460\Source\ARM\start
up_m460.s

UART5_IRQHandler 00000028

Symbol: UART5_IRQHandler
   Definitions
      At line 482 in file ..\..\..\Library\Device\Nuvoton\m460\Source\ARM\start
up_m460.s
   Uses
      At line 145 in file ..\..\..\Library\Device\Nuvoton\m460\Source\ARM\start
up_m460.s
      At line 352 in file ..\..\..\Library\Device\Nuvoton\m460\Source\ARM\start
up_m460.s

UART6_IRQHandler 00000028

Symbol: UART6_IRQHandler
   Definitions
      At line 509 in file ..\..\..\Library\Device\Nuvoton\m460\Source\ARM\start
up_m460.s



ARM Macro Assembler    Page 27 Alphabetic symbol ordering
Relocatable symbols

   Uses
      At line 172 in file ..\..\..\Library\Device\Nuvoton\m460\Source\ARM\start
up_m460.s
      At line 379 in file ..\..\..\Library\Device\Nuvoton\m460\Source\ARM\start
up_m460.s

UART7_IRQHandler 00000028

Symbol: UART7_IRQHandler
   Definitions
      At line 510 in file ..\..\..\Library\Device\Nuvoton\m460\Source\ARM\start
up_m460.s
   Uses
      At line 173 in file ..\..\..\Library\Device\Nuvoton\m460\Source\ARM\start
up_m460.s
      At line 380 in file ..\..\..\Library\Device\Nuvoton\m460\Source\ARM\start
up_m460.s

UART8_IRQHandler 00000028

Symbol: UART8_IRQHandler
   Definitions
      At line 506 in file ..\..\..\Library\Device\Nuvoton\m460\Source\ARM\start
up_m460.s
   Uses
      At line 169 in file ..\..\..\Library\Device\Nuvoton\m460\Source\ARM\start
up_m460.s
      At line 376 in file ..\..\..\Library\Device\Nuvoton\m460\Source\ARM\start
up_m460.s

UART9_IRQHandler 00000028

Symbol: UART9_IRQHandler
   Definitions
      At line 507 in file ..\..\..\Library\Device\Nuvoton\m460\Source\ARM\start
up_m460.s
   Uses
      At line 170 in file ..\..\..\Library\Device\Nuvoton\m460\Source\ARM\start
up_m460.s
      At line 377 in file ..\..\..\Library\Device\Nuvoton\m460\Source\ARM\start
up_m460.s

USBD20_IRQHandler 00000028

Symbol: USBD20_IRQHandler
   Definitions
      At line 473 in file ..\..\..\Library\Device\Nuvoton\m460\Source\ARM\start
up_m460.s
   Uses
      At line 135 in file ..\..\..\Library\Device\Nuvoton\m460\Source\ARM\start
up_m460.s
      At line 343 in file ..\..\..\Library\Device\Nuvoton\m460\Source\ARM\start
up_m460.s

USBD_IRQHandler 00000028

Symbol: USBD_IRQHandler
   Definitions
      At line 461 in file ..\..\..\Library\Device\Nuvoton\m460\Source\ARM\start



ARM Macro Assembler    Page 28 Alphabetic symbol ordering
Relocatable symbols

up_m460.s
   Uses
      At line 123 in file ..\..\..\Library\Device\Nuvoton\m460\Source\ARM\start
up_m460.s
      At line 331 in file ..\..\..\Library\Device\Nuvoton\m460\Source\ARM\start
up_m460.s

USBOTG20_IRQHandler 00000028

Symbol: USBOTG20_IRQHandler
   Definitions
      At line 500 in file ..\..\..\Library\Device\Nuvoton\m460\Source\ARM\start
up_m460.s
   Uses
      At line 163 in file ..\..\..\Library\Device\Nuvoton\m460\Source\ARM\start
up_m460.s
      At line 370 in file ..\..\..\Library\Device\Nuvoton\m460\Source\ARM\start
up_m460.s

USBOTG_IRQHandler 00000028

Symbol: USBOTG_IRQHandler
   Definitions
      At line 463 in file ..\..\..\Library\Device\Nuvoton\m460\Source\ARM\start
up_m460.s
   Uses
      At line 125 in file ..\..\..\Library\Device\Nuvoton\m460\Source\ARM\start
up_m460.s
      At line 333 in file ..\..\..\Library\Device\Nuvoton\m460\Source\ARM\start
up_m460.s

USCI0_IRQHandler 00000028

Symbol: USCI0_IRQHandler
   Definitions
      At line 483 in file ..\..\..\Library\Device\Nuvoton\m460\Source\ARM\start
up_m460.s
   Uses
      At line 146 in file ..\..\..\Library\Device\Nuvoton\m460\Source\ARM\start
up_m460.s
      At line 353 in file ..\..\..\Library\Device\Nuvoton\m460\Source\ARM\start
up_m460.s

UsageFault_Handler 0000001E

Symbol: UsageFault_Handler
   Definitions
      At line 252 in file ..\..\..\Library\Device\Nuvoton\m460\Source\ARM\start
up_m460.s
   Uses
      At line 58 in file ..\..\..\Library\Device\Nuvoton\m460\Source\ARM\startu
p_m460.s
      At line 253 in file ..\..\..\Library\Device\Nuvoton\m460\Source\ARM\start
up_m460.s

WDT_IRQHandler 00000028

Symbol: WDT_IRQHandler
   Definitions



ARM Macro Assembler    Page 29 Alphabetic symbol ordering
Relocatable symbols

      At line 416 in file ..\..\..\Library\Device\Nuvoton\m460\Source\ARM\start
up_m460.s
   Uses
      At line 78 in file ..\..\..\Library\Device\Nuvoton\m460\Source\ARM\startu
p_m460.s
      At line 286 in file ..\..\..\Library\Device\Nuvoton\m460\Source\ARM\start
up_m460.s

WWDT_IRQHandler 00000028

Symbol: WWDT_IRQHandler
   Definitions
      At line 417 in file ..\..\..\Library\Device\Nuvoton\m460\Source\ARM\start
up_m460.s
   Uses
      At line 79 in file ..\..\..\Library\Device\Nuvoton\m460\Source\ARM\startu
p_m460.s
      At line 287 in file ..\..\..\Library\Device\Nuvoton\m460\Source\ARM\start
up_m460.s

140 symbols



ARM Macro Assembler    Page 1 Alphabetic symbol ordering
Absolute symbols

Heap_Size 00000100

Symbol: Heap_Size
   Definitions
      At line 32 in file ..\..\..\Library\Device\Nuvoton\m460\Source\ARM\startu
p_m460.s
   Uses
      At line 37 in file ..\..\..\Library\Device\Nuvoton\m460\Source\ARM\startu
p_m460.s
Comment: Heap_Size used once
Stack_Size 00001000

Symbol: Stack_Size
   Definitions
      At line 19 in file ..\..\..\Library\Device\Nuvoton\m460\Source\ARM\startu
p_m460.s
   Uses
      At line 23 in file ..\..\..\Library\Device\Nuvoton\m460\Source\ARM\startu
p_m460.s
Comment: Stack_Size used once
__Vectors_Size 00000240

Symbol: __Vectors_Size
   Definitions
      At line 202 in file ..\..\..\Library\Device\Nuvoton\m460\Source\ARM\start
up_m460.s
   Uses
      At line 50 in file ..\..\..\Library\Device\Nuvoton\m460\Source\ARM\startu
p_m460.s
Comment: __Vectors_Size used once
3 symbols



ARM Macro Assembler    Page 1 Alphabetic symbol ordering
External symbols

ProcessHardFault 00000000

Symbol: ProcessHardFault
   Definitions
      At line 231 in file ..\..\..\Library\Device\Nuvoton\m460\Source\ARM\start
up_m460.s
   Uses
      At line 237 in file ..\..\..\Library\Device\Nuvoton\m460\Source\ARM\start
up_m460.s
Comment: ProcessHardFault used once
SystemInit 00000000

Symbol: SystemInit
   Definitions
      At line 211 in file ..\..\..\Library\Device\Nuvoton\m460\Source\ARM\start
up_m460.s
   Uses
      At line 215 in file ..\..\..\Library\Device\Nuvoton\m460\Source\ARM\start
up_m460.s
Comment: SystemInit used once
__main 00000000

Symbol: __main
   Definitions
      At line 212 in file ..\..\..\Library\Device\Nuvoton\m460\Source\ARM\start
up_m460.s
   Uses
      At line 217 in file ..\..\..\Library\Device\Nuvoton\m460\Source\ARM\start
up_m460.s
Comment: __main used once
3 symbols
494 symbols in table
